<?xml version="1.0" encoding="UTF-8"?>
<!-- Generated by org.testng.reporters.JUnitReportReporter -->
<testsuite hostname="LTIN719094" failures="2" tests="8" name="com.auctionsabha.tests.AuctionTest" time="4.421" errors="0" timestamp="2026-05-07T13:17:07 IST" skipped="0">
  <testcase classname="com.auctionsabha.tests.AuctionTest" name="getAllAuctions_shouldReturn200" time="1.052"/>
  <testcase classname="com.auctionsabha.tests.AuctionTest" name="getAllAuctions_withoutToken_shouldBeRejected" time="0.334"/>
  <testcase classname="com.auctionsabha.tests.AuctionTest" name="getAuctionLeaderboard_shouldReturn200" time="0.838"/>
  <testcase classname="com.auctionsabha.tests.AuctionTest" name="getLeaderboard_nonExistentAuction_shouldReturn404" time="0.837">
    <failure message="Non-existent auction leaderboard should return 404
Expected: (is &lt;404&gt; or is &lt;400&gt;)
     but: was &lt;200&gt;" type="java.lang.AssertionError">
      <![CDATA[java.lang.AssertionError: Non-existent auction leaderboard should return 404
Expected: (is <404> or is <400>)
     but: was <200>
at org.hamcrest.MatcherAssert.assertThat(MatcherAssert.java:20)
at com.auctionsabha.tests.AuctionTest.getLeaderboard_nonExistentAuction_shouldReturn404(AuctionTest.java:111)
at java.base/jdk.internal.reflect.DirectMethodHandleAccessor.invoke(DirectMethodHandleAccessor.java:103)
at java.base/java.lang.reflect.Method.invoke(Method.java:580)
at org.testng.internal.invokers.MethodInvocationHelper.invokeMethod(MethodInvocationHelper.java:139)
at org.testng.internal.invokers.TestInvoker.invokeMethod(TestInvoker.java:664)
at org.testng.internal.invokers.TestInvoker.invokeTestMethod(TestInvoker.java:228)
at org.testng.internal.invokers.MethodRunner.runInSequence(MethodRunner.java:63)
at org.testng.internal.invokers.TestInvoker$MethodInvocationAgent.invoke(TestInvoker.java:961)
at org.testng.internal.invokers.TestInvoker.invokeTestMethods(TestInvoker.java:201)
at org.testng.internal.invokers.TestMethodWorker.invokeTestMethods(TestMethodWorker.java:148)
at org.testng.internal.invokers.TestMethodWorker.run(TestMethodWorker.java:128)
at java.base/java.util.ArrayList.forEach(ArrayList.java:1596)
at org.testng.TestRunner.privateRun(TestRunner.java:819)
at org.testng.TestRunner.run(TestRunner.java:619)
at org.testng.SuiteRunner.runTest(SuiteRunner.java:443)
at org.testng.SuiteRunner.runSequentially(SuiteRunner.java:437)
at org.testng.SuiteRunner.privateRun(SuiteRunner.java:397)
at org.testng.SuiteRunner.run(SuiteRunner.java:336)
at org.testng.SuiteRunnerWorker.runSuite(SuiteRunnerWorker.java:52)
at org.testng.SuiteRunnerWorker.run(SuiteRunnerWorker.java:95)
at org.testng.TestNG.runSuitesSequentially(TestNG.java:1301)
at org.testng.TestNG.runSuitesLocally(TestNG.java:1228)
at org.testng.TestNG.runSuites(TestNG.java:1134)
at org.testng.TestNG.run(TestNG.java:1101)
at org.apache.maven.surefire.testng.TestNGExecutor.run(TestNGExecutor.java:308)
at org.apache.maven.surefire.testng.TestNGXmlTestSuite.execute(TestNGXmlTestSuite.java:71)
at org.apache.maven.surefire.testng.TestNGProvider.invoke(TestNGProvider.java:113)
at org.apache.maven.surefire.booter.ForkedBooter.runSuitesInProcess(ForkedBooter.java:385)
at org.apache.maven.surefire.booter.ForkedBooter.execute(ForkedBooter.java:162)
at org.apache.maven.surefire.booter.ForkedBooter.run(ForkedBooter.java:507)
at org.apache.maven.surefire.booter.ForkedBooter.main(ForkedBooter.java:495)
]]>
    </failure>
  </testcase> <!-- getLeaderboard_nonExistentAuction_shouldReturn404 -->
  <testcase classname="com.auctionsabha.tests.AuctionTest" name="getLeaderboard_withoutToken_shouldBeRejected" time="0.393"/>
  <testcase classname="com.auctionsabha.tests.AuctionTest" name="getAuctionSlots_specificDate_shouldReturn200" time="0.330"/>
  <testcase classname="com.auctionsabha.tests.AuctionTest" name="getAuctionSlots_futureDate_shouldReturn200" time="0.311"/>
  <testcase classname="com.auctionsabha.tests.AuctionTest" name="getAuctionSlots_withoutDate_shouldReturn400OrDefault" time="0.326">
    <failure message="Auction slots without date param should return 200 or 400
Expected: (is &lt;200&gt; or is &lt;400&gt;)
     but: was &lt;403&gt;" type="java.lang.AssertionError">
      <![CDATA[java.lang.AssertionError: Auction slots without date param should return 200 or 400
Expected: (is <200> or is <400>)
     but: was <403>
at org.hamcrest.MatcherAssert.assertThat(MatcherAssert.java:20)
at com.auctionsabha.tests.AuctionTest.getAuctionSlots_withoutDate_shouldReturn400OrDefault(AuctionTest.java:173)
at java.base/jdk.internal.reflect.DirectMethodHandleAccessor.invoke(DirectMethodHandleAccessor.java:103)
at java.base/java.lang.reflect.Method.invoke(Method.java:580)
at org.testng.internal.invokers.MethodInvocationHelper.invokeMethod(MethodInvocationHelper.java:139)
at org.testng.internal.invokers.TestInvoker.invokeMethod(TestInvoker.java:664)
at org.testng.internal.invokers.TestInvoker.invokeTestMethod(TestInvoker.java:228)
at org.testng.internal.invokers.MethodRunner.runInSequence(MethodRunner.java:63)
at org.testng.internal.invokers.TestInvoker$MethodInvocationAgent.invoke(TestInvoker.java:961)
at org.testng.internal.invokers.TestInvoker.invokeTestMethods(TestInvoker.java:201)
at org.testng.internal.invokers.TestMethodWorker.invokeTestMethods(TestMethodWorker.java:148)
at org.testng.internal.invokers.TestMethodWorker.run(TestMethodWorker.java:128)
at java.base/java.util.ArrayList.forEach(ArrayList.java:1596)
at org.testng.TestRunner.privateRun(TestRunner.java:819)
at org.testng.TestRunner.run(TestRunner.java:619)
at org.testng.SuiteRunner.runTest(SuiteRunner.java:443)
at org.testng.SuiteRunner.runSequentially(SuiteRunner.java:437)
at org.testng.SuiteRunner.privateRun(SuiteRunner.java:397)
at org.testng.SuiteRunner.run(SuiteRunner.java:336)
at org.testng.SuiteRunnerWorker.runSuite(SuiteRunnerWorker.java:52)
at org.testng.SuiteRunnerWorker.run(SuiteRunnerWorker.java:95)
at org.testng.TestNG.runSuitesSequentially(TestNG.java:1301)
at org.testng.TestNG.runSuitesLocally(TestNG.java:1228)
at org.testng.TestNG.runSuites(TestNG.java:1134)
at org.testng.TestNG.run(TestNG.java:1101)
at org.apache.maven.surefire.testng.TestNGExecutor.run(TestNGExecutor.java:308)
at org.apache.maven.surefire.testng.TestNGXmlTestSuite.execute(TestNGXmlTestSuite.java:71)
at org.apache.maven.surefire.testng.TestNGProvider.invoke(TestNGProvider.java:113)
at org.apache.maven.surefire.booter.ForkedBooter.runSuitesInProcess(ForkedBooter.java:385)
at org.apache.maven.surefire.booter.ForkedBooter.execute(ForkedBooter.java:162)
at org.apache.maven.surefire.booter.ForkedBooter.run(ForkedBooter.java:507)
at org.apache.maven.surefire.booter.ForkedBooter.main(ForkedBooter.java:495)
]]>
    </failure>
  </testcase> <!-- getAuctionSlots_withoutDate_shouldReturn400OrDefault -->
</testsuite> <!-- com.auctionsabha.tests.AuctionTest -->
