<?xml version="1.0" encoding="UTF-8"?>
<testsuite xmlns:xsi="http://www.w3.org/2001/XMLSchema-instance" xsi:noNamespaceSchemaLocation="https://maven.apache.org/surefire/maven-surefire-plugin/xsd/surefire-test-report-3.0.xsd" version="3.0" name="TestSuite" time="164.958" tests="79" errors="0" skipped="0" failures="12">
  <properties>
[...]
</properties>
  <testcase name="registerDuplicateEmail_shouldReturn400Or409" classname="com.auctionsabha.tests.AuthTest" time="16.945">
    <system-out><![CDATA[...
... TestNG 7.9.0 by Cédric Beust (cedric@beust.com)
...


========================================
  Auction Sabha API — Test Suite Setup  
========================================

Request method:	POST
Request URI:	https://auction-sabha-api.onrender.com/api/auth/register
Proxy:			<none>
Request params:	<none>
Query params:	<none>
Form params:	<none>
Path params:	<none>
Headers:		Accept=application/json, application/javascript, text/javascript, text/json
				Content-Type=application/json
Cookies:		<none>
Multiparts:		<none>
Body:
{
    "password": "admin@2025",
    "role": "ADMIN",
    "phone": "9000000001",
    "name": "Admin User",
    "email": "admin_sabha@example.com"
}
HTTP/1.1 400 Bad Request
Date: Thu, 07 May 2026 07:44:33 GMT
Content-Type: application/json
Transfer-Encoding: chunked
Connection: keep-alive
Cache-Control: no-cache, no-store, max-age=0, must-revalidate
expires: 0
pragma: no-cache
rndr-id: d04dba6b-e679-411c
Server: cloudflare
strict-transport-security: max-age=31536000 ; includeSubDomains
vary: Origin
vary: Access-Control-Request-Method
vary: Access-Control-Request-Headers
vary: Accept-Encoding
x-content-type-options: nosniff
x-frame-options: DENY
x-render-origin-server: Render
x-xss-protection: 0
cf-cache-status: DYNAMIC
CF-RAY: 9f7e999eb9c7abec-MAA
alt-svc: h3=":443"; ma=86400

Email already registered!
[REGISTER] ADMIN already exists — will login: admin_sabha@example.com
Request method:	POST
Request URI:	https://auction-sabha-api.onrender.com/api/auth/register
Proxy:			<none>
Request params:	<none>
Query params:	<none>
Form params:	<none>
Path params:	<none>
Headers:		Accept=application/json, application/javascript, text/javascript, text/json
				Content-Type=application/json
Cookies:		<none>
Multiparts:		<none>
Body:
{
    "password": "seller@2025",
    "role": "SELLER",
    "phone": "9000000002",
    "name": "Sabha Seller",
    "email": "seller_sabha@example.com"
}
HTTP/1.1 400 Bad Request
Date: Thu, 07 May 2026 07:44:34 GMT
Content-Type: application/json
Transfer-Encoding: chunked
Connection: keep-alive
Cache-Control: no-cache, no-store, max-age=0, must-revalidate
expires: 0
pragma: no-cache
rndr-id: 76723943-a406-447c
Server: cloudflare
strict-transport-security: max-age=31536000 ; includeSubDomains
vary: Origin
vary: Access-Control-Request-Method
vary: Access-Control-Request-Headers
vary: Accept-Encoding
x-content-type-options: nosniff
x-frame-options: DENY
x-render-origin-server: Render
x-xss-protection: 0
cf-cache-status: DYNAMIC
CF-RAY: 9f7e99a59fb7abec-MAA
alt-svc: h3=":443"; ma=86400

Email already registered!
[REGISTER] SELLER already exists — will login: seller_sabha@example.com
Request method:	POST
Request URI:	https://auction-sabha-api.onrender.com/api/auth/register
Proxy:			<none>
Request params:	<none>
Query params:	<none>
Form params:	<none>
Path params:	<none>
Headers:		Accept=application/json, application/javascript, text/javascript, text/json
				Content-Type=application/json
Cookies:		<none>
Multiparts:		<none>
Body:
{
    "password": "buyer@2025",
    "role": "BUYER",
    "phone": "9000000003",
    "name": "Sabha Buyer",
    "email": "buyer_sabha@example.com"
}
HTTP/1.1 400 Bad Request
Date: Thu, 07 May 2026 07:44:35 GMT
Content-Type: application/json
Transfer-Encoding: chunked
Connection: keep-alive
Cache-Control: no-cache, no-store, max-age=0, must-revalidate
expires: 0
pragma: no-cache
rndr-id: b5bf7eb5-8f5e-46c8
Server: cloudflare
strict-transport-security: max-age=31536000 ; includeSubDomains
vary: Origin
vary: Access-Control-Request-Method
vary: Access-Control-Request-Headers
vary: Accept-Encoding
x-content-type-options: nosniff
x-frame-options: DENY
x-render-origin-server: Render
x-xss-protection: 0
cf-cache-status: DYNAMIC
CF-RAY: 9f7e99aabf85abec-MAA
alt-svc: h3=":443"; ma=86400

Email already registered!
[REGISTER] BUYER already exists — will login: buyer_sabha@example.com
Request method:	POST
Request URI:	https://auction-sabha-api.onrender.com/api/auth/login
Proxy:			<none>
Request params:	<none>
Query params:	<none>
Form params:	<none>
Path params:	<none>
Headers:		Accept=application/json, application/javascript, text/javascript, text/json
				Content-Type=application/json
Cookies:		<none>
Multiparts:		<none>
Body:
{
    "password": "admin@2025",
    "email": "admin_sabha@example.com"
}
HTTP/1.1 200 OK
Date: Thu, 07 May 2026 07:44:36 GMT
Content-Type: application/json
Transfer-Encoding: chunked
Connection: keep-alive
Cache-Control: no-cache, no-store, max-age=0, must-revalidate
cf-cache-status: DYNAMIC
expires: 0
pragma: no-cache
rndr-id: d86698bd-dfda-4907
Server: cloudflare
strict-transport-security: max-age=31536000 ; includeSubDomains
vary: Origin
vary: Access-Control-Request-Method
vary: Access-Control-Request-Headers
vary: Accept-Encoding
x-content-type-options: nosniff
x-frame-options: DENY
x-render-origin-server: Render
x-xss-protection: 0
Content-Encoding: gzip
CF-RAY: 9f7e99aeac53abec-MAA
alt-svc: h3=":443"; ma=86400

{
    "message": "Login Successful",
    "role": "ADMIN",
    "token": "eyJhbGciOiJIUzI1NiJ9.eyJzdWIiOiJhZG1pbl9zYWJoYUBleGFtcGxlLmNvbSIsInJvbGUiOiJBRE1JTiIsImlhdCI6MTc3ODEzOTg3NiwiZXhwIjoxNzc4MTQzNDc2fQ.qBboRcmyFxAi0x-RZIhXlrFoeHK6z7KtM-7p6XPT5y0",
    "userId": 19,
    "name": "Hacker"
}
[LOGIN] ADMIN (userId=19) token saved.
Request method:	POST
Request URI:	https://auction-sabha-api.onrender.com/api/auth/login
Proxy:			<none>
Request params:	<none>
Query params:	<none>
Form params:	<none>
Path params:	<none>
Headers:		Accept=application/json, application/javascript, text/javascript, text/json
				Content-Type=application/json
Cookies:		<none>
Multiparts:		<none>
Body:
{
    "password": "seller@2025",
    "email": "seller_sabha@example.com"
}
HTTP/1.1 200 OK
Date: Thu, 07 May 2026 07:44:40 GMT
Content-Type: application/json
Transfer-Encoding: chunked
Connection: keep-alive
Cache-Control: no-cache, no-store, max-age=0, must-revalidate
cf-cache-status: DYNAMIC
expires: 0
pragma: no-cache
rndr-id: f4ed8280-f547-41ad
Server: cloudflare
strict-transport-security: max-age=31536000 ; includeSubDomains
vary: Origin
vary: Access-Control-Request-Method
vary: Access-Control-Request-Headers
vary: Accept-Encoding
x-content-type-options: nosniff
x-frame-options: DENY
x-render-origin-server: Render
x-xss-protection: 0
Content-Encoding: gzip
CF-RAY: 9f7e99c61957abec-MAA
alt-svc: h3=":443"; ma=86400

{
    "message": "Login Successful",
    "role": "SELLER",
    "token": "eyJhbGciOiJIUzI1NiJ9.eyJzdWIiOiJzZWxsZXJfc2FiaGFAZXhhbXBsZS5jb20iLCJyb2xlIjoiU0VMTEVSIiwiaWF0IjoxNzc4MTM5ODgwLCJleHAiOjE3NzgxNDM0ODB9.a31hm_8cR6Y4BnXrzicbBNPXf1s2E4n1KfVDcyYRuLk",
    "userId": 20,
    "name": "Sabha Seller Updated"
}
[LOGIN] SELLER (userId=20) token saved.
Request method:	POST
Request URI:	https://auction-sabha-api.onrender.com/api/auth/login
Proxy:			<none>
Request params:	<none>
Query params:	<none>
Form params:	<none>
Path params:	<none>
Headers:		Accept=application/json, application/javascript, text/javascript, text/json
				Content-Type=application/json
Cookies:		<none>
Multiparts:		<none>
Body:
{
    "password": "buyer@2025",
    "email": "buyer_sabha@example.com"
}
HTTP/1.1 200 OK
Date: Thu, 07 May 2026 07:44:41 GMT
Content-Type: application/json
Transfer-Encoding: chunked
Connection: keep-alive
Cache-Control: no-cache, no-store, max-age=0, must-revalidate
cf-cache-status: DYNAMIC
expires: 0
pragma: no-cache
rndr-id: 7b2c5c7b-a26e-44af
Server: cloudflare
strict-transport-security: max-age=31536000 ; includeSubDomains
vary: Origin
vary: Access-Control-Request-Method
vary: Access-Control-Request-Headers
vary: Accept-Encoding
x-content-type-options: nosniff
x-frame-options: DENY
x-render-origin-server: Render
x-xss-protection: 0
Content-Encoding: gzip
CF-RAY: 9f7e99cf1951abec-MAA
alt-svc: h3=":443"; ma=86400

{
    "message": "Login Successful",
    "role": "BUYER",
    "token": "eyJhbGciOiJIUzI1NiJ9.eyJzdWIiOiJidXllcl9zYWJoYUBleGFtcGxlLmNvbSIsInJvbGUiOiJCVVlFUiIsImlhdCI6MTc3ODEzOTg4MSwiZXhwIjoxNzc4MTQzNDgxfQ.H5NPmClCZJb4MSFMyW1O-YLPtKsDy4a2abC3VIIUvb4",
    "userId": 21,
    "name": "Sabha Buyer"
}
[LOGIN] BUYER (userId=21) token saved.
Request method:	POST
Request URI:	https://auction-sabha-api.onrender.com/api/verifier-applications
Proxy:			<none>
Request params:	<none>
Query params:	<none>
Form params:	<none>
Path params:	<none>
Headers:		Accept=application/json, application/javascript, text/javascript, text/json
				Content-Type=application/json
Cookies:		<none>
Multiparts:		<none>
Body:
{
    "qualification": "Certified Appraiser",
    "phone": "9000000004",
    "documents": "https://example.com/docs/verifier_cert.pdf",
    "name": "Sabha Verifier",
    "experience": "5 years in auction house valuation",
    "email": "verifier_sabha@example.com"
}
HTTP/1.1 400 Bad Request
Date: Thu, 07 May 2026 07:44:42 GMT
Content-Type: application/json
Transfer-Encoding: chunked
Connection: keep-alive
Cache-Control: no-cache, no-store, max-age=0, must-revalidate
expires: 0
pragma: no-cache
rndr-id: 8d4a1a21-ffb6-42b8
Server: cloudflare
strict-transport-security: max-age=31536000 ; includeSubDomains
vary: Origin
vary: Access-Control-Request-Method
vary: Access-Control-Request-Headers
vary: Accept-Encoding
x-content-type-options: nosniff
x-frame-options: DENY
x-render-origin-server: Render
x-xss-protection: 0
cf-cache-status: DYNAMIC
CF-RAY: 9f7e99d63f5eabec-MAA
alt-svc: h3=":443"; ma=86400

An application with this email already exists.
[VERIFIER APP] Submit status: 400
[VERIFIER APP] Application likely already submitted — fetching pending list.
Request method:	GET
Request URI:	https://auction-sabha-api.onrender.com/api/verifier-applications/pending
Proxy:			<none>
Request params:	<none>
Query params:	<none>
Form params:	<none>
Path params:	<none>
Headers:		Accept=application/json, application/javascript, text/javascript, text/json
				Authorization=Bearer eyJhbGciOiJIUzI1NiJ9.eyJzdWIiOiJhZG1pbl9zYWJoYUBleGFtcGxlLmNvbSIsInJvbGUiOiJBRE1JTiIsImlhdCI6MTc3ODEzOTg3NiwiZXhwIjoxNzc4MTQzNDc2fQ.qBboRcmyFxAi0x-RZIhXlrFoeHK6z7KtM-7p6XPT5y0
				Content-Type=application/json
Cookies:		<none>
Multiparts:		<none>
Body:			<none>
HTTP/1.1 200 OK
Date: Thu, 07 May 2026 07:44:43 GMT
Content-Type: application/json
Transfer-Encoding: chunked
Connection: keep-alive
Cache-Control: no-cache, no-store, max-age=0, must-revalidate
expires: 0
pragma: no-cache
rndr-id: 1d92f019-2841-492e
Server: cloudflare
strict-transport-security: max-age=31536000 ; includeSubDomains
vary: Origin
vary: Access-Control-Request-Method
vary: Access-Control-Request-Headers
vary: Accept-Encoding
x-content-type-options: nosniff
x-frame-options: DENY
x-render-origin-server: Render
x-xss-protection: 0
cf-cache-status: DYNAMIC
Content-Encoding: gzip
CF-RAY: 9f7e99da5da1abec-MAA
alt-svc: h3=":443"; ma=86400

[
    {
        "applicationId": 13,
        "name": "Reject Test Verifier 1778139835539",
        "email": "reject_verifier_1778139835539@example.com",
        "phone": "96661579",
        "age": 0,
        "qualification": "Apprentice Appraiser",
        "experienceYears": 0,
        "domainsInterested": null,
        "motivation": null,
        "portfolioUrl": null,
        "status": "PENDING",
        "adminRemarks": null,
        "submittedAt": "2026-05-07T07:43:55.258849"
    },
    {
        "applicationId": 12,
        "name": "New Verifier 1778139826185",
        "email": "new_verifier_1778139826185@example.com",
        "phone": "9555582858",
        "age": 0,
        "qualification": "Certified Gemologist",
        "experienceYears": 0,
        "domainsInterested": null,
        "motivation": null,
        "portfolioUrl": null,
        "status": "PENDING",
        "adminRemarks": null,
        "submittedAt": "2026-05-07T07:43:46.222998"
    },
    {
        "applicationId": 11,
        "name": "Reject Test Verifier 1778137295650",
        "email": "reject_verifier_1778137295650@example.com",
        "phone": "966671265",
        "age": 0,
        "qualification": "Apprentice Appraiser",
        "experienceYears": 0,
        "domainsInterested": null,
        "motivation": null,
        "portfolioUrl": null,
        "status": "PENDING",
        "adminRemarks": null,
        "submittedAt": "2026-05-07T07:01:35.690321"
    },
    {
        "applicationId": 10,
        "name": "New Verifier 1778137287464",
        "email": "new_verifier_1778137287464@example.com",
        "phone": "9555705554",
        "age": 0,
        "qualification": "Certified Gemologist",
        "experienceYears": 0,
        "domainsInterested": null,
        "motivation": null,
        "portfolioUrl": null,
        "status": "PENDING",
        "adminRemarks": null,
        "submittedAt": "2026-05-07T07:01:27.378069"
    },
    {
        "applicationId": 9,
        "name": "Reject Test Verifier 1778128313602",
        "email": "reject_verifier_1778128313602@example.com",
        "phone": "966690760",
        "age": 0,
        "qualification": "Apprentice Appraiser",
        "experienceYears": 0,
        "domainsInterested": null,
        "motivation": null,
        "portfolioUrl": null,
        "status": "PENDING",
        "adminRemarks": null,
        "submittedAt": "2026-05-07T04:31:53.187405"
    },
    {
        "applicationId": 8,
        "name": "New Verifier 1778128305018",
        "email": "new_verifier_1778128305018@example.com",
        "phone": "9555628654",
        "age": 0,
        "qualification": "Certified Gemologist",
        "experienceYears": 0,
        "domainsInterested": null,
        "motivation": null,
        "portfolioUrl": null,
        "status": "PENDING",
        "adminRemarks": null,
        "submittedAt": "2026-05-07T04:31:45.040697"
    },
    {
        "applicationId": 7,
        "name": "Reject Test Verifier 1778127997970",
        "email": "reject_verifier_1778127997970@example.com",
        "phone": "966637430",
        "age": 0,
        "qualification": "Apprentice Appraiser",
        "experienceYears": 0,
        "domainsInterested": null,
        "motivation": null,
        "portfolioUrl": null,
        "status": "PENDING",
        "adminRemarks": null,
        "submittedAt": "2026-05-07T04:26:37.60237"
    },
    {
        "applicationId": 6,
        "name": "New Verifier 1778127989338",
        "email": "new_verifier_1778127989338@example.com",
        "phone": "9555314947",
        "age": 0,
        "qualification": "Certified Gemologist",
        "experienceYears": 0,
        "domainsInterested": null,
        "motivation": null,
        "portfolioUrl": null,
        "status": "PENDING",
        "adminRemarks": null,
        "submittedAt": "2026-05-07T04:26:29.17884"
    },
    {
        "applicationId": 5,
        "name": "Reject Test Verifier 1778127792444",
        "email": "reject_verifier_1778127792444@example.com",
        "phone": "966692520",
        "age": 0,
        "qualification": "Apprentice Appraiser",
        "experienceYears": 0,
        "domainsInterested": null,
        "motivation": null,
        "portfolioUrl": null,
        "status": "PENDING",
        "adminRemarks": null,
        "submittedAt": "2026-05-07T04:23:12.469045"
    },
    {
        "applicationId": 4,
        "name": "Incomplete App",
        "email": null,
        "phone": null,
        "age": 0,
        "qualification": null,
        "experienceYears": 0,
        "domainsInterested": null,
        "motivation": null,
        "portfolioUrl": null,
        "status": "PENDING",
        "adminRemarks": null,
        "submittedAt": "2026-05-07T04:23:05.120031"
    },
    {
        "applicationId": 3,
        "name": "New Verifier 1778127782756",
        "email": "new_verifier_1778127782756@example.com",
        "phone": "9555312535",
        "age": 0,
        "qualification": "Certified Gemologist",
        "experienceYears": 0,
        "domainsInterested": null,
        "motivation": null,
        "portfolioUrl": null,
        "status": "PENDING",
        "adminRemarks": null,
        "submittedAt": "2026-05-07T04:23:02.628698"
    },
    {
        "applicationId": 2,
        "name": "Sabha Verifier",
        "email": "verifier_sabha@example.com",
        "phone": "9000000004",
        "age": 0,
        "qualification": "Certified Appraiser",
        "experienceYears": 0,
        "domainsInterested": null,
        "motivation": null,
        "portfolioUrl": null,
        "status": "PENDING",
        "adminRemarks": null,
        "submittedAt": "2026-05-07T04:14:58.843475"
    }
]
Request method:	GET
Request URI:	https://auction-sabha-api.onrender.com/api/verifier-applications
Proxy:			<none>
Request params:	<none>
Query params:	<none>
Form params:	<none>
Path params:	<none>
Headers:		Accept=application/json, application/javascript, text/javascript, text/json
				Authorization=Bearer eyJhbGciOiJIUzI1NiJ9.eyJzdWIiOiJhZG1pbl9zYWJoYUBleGFtcGxlLmNvbSIsInJvbGUiOiJBRE1JTiIsImlhdCI6MTc3ODEzOTg3NiwiZXhwIjoxNzc4MTQzNDc2fQ.qBboRcmyFxAi0x-RZIhXlrFoeHK6z7KtM-7p6XPT5y0
				Content-Type=application/json
Cookies:		<none>
Multiparts:		<none>
Body:			<none>
HTTP/1.1 200 OK
Date: Thu, 07 May 2026 07:44:44 GMT
Content-Type: application/json
Transfer-Encoding: chunked
Connection: keep-alive
Cache-Control: no-cache, no-store, max-age=0, must-revalidate
expires: 0
pragma: no-cache
rndr-id: b5fa6796-8e8d-49b5
Server: cloudflare
strict-transport-security: max-age=31536000 ; includeSubDomains
vary: Origin
vary: Access-Control-Request-Method
vary: Access-Control-Request-Headers
vary: Accept-Encoding
x-content-type-options: nosniff
x-frame-options: DENY
x-render-origin-server: Render
x-xss-protection: 0
cf-cache-status: DYNAMIC
Content-Encoding: gzip
CF-RAY: 9f7e99dfaf57abec-MAA
alt-svc: h3=":443"; ma=86400

[
    {
        "applicationId": 13,
        "name": "Reject Test Verifier 1778139835539",
        "email": "reject_verifier_1778139835539@example.com",
        "phone": "96661579",
        "age": 0,
        "qualification": "Apprentice Appraiser",
        "experienceYears": 0,
        "domainsInterested": null,
        "motivation": null,
        "portfolioUrl": null,
        "status": "PENDING",
        "adminRemarks": null,
        "submittedAt": "2026-05-07T07:43:55.258849"
    },
    {
        "applicationId": 12,
        "name": "New Verifier 1778139826185",
        "email": "new_verifier_1778139826185@example.com",
        "phone": "9555582858",
        "age": 0,
        "qualification": "Certified Gemologist",
        "experienceYears": 0,
        "domainsInterested": null,
        "motivation": null,
        "portfolioUrl": null,
        "status": "PENDING",
        "adminRemarks": null,
        "submittedAt": "2026-05-07T07:43:46.222998"
    },
    {
        "applicationId": 11,
        "name": "Reject Test Verifier 1778137295650",
        "email": "reject_verifier_1778137295650@example.com",
        "phone": "966671265",
        "age": 0,
        "qualification": "Apprentice Appraiser",
        "experienceYears": 0,
        "domainsInterested": null,
        "motivation": null,
        "portfolioUrl": null,
        "status": "PENDING",
        "adminRemarks": null,
        "submittedAt": "2026-05-07T07:01:35.690321"
    },
    {
        "applicationId": 10,
        "name": "New Verifier 1778137287464",
        "email": "new_verifier_1778137287464@example.com",
        "phone": "9555705554",
        "age": 0,
        "qualification": "Certified Gemologist",
        "experienceYears": 0,
        "domainsInterested": null,
        "motivation": null,
        "portfolioUrl": null,
        "status": "PENDING",
        "adminRemarks": null,
        "submittedAt": "2026-05-07T07:01:27.378069"
    },
    {
        "applicationId": 9,
        "name": "Reject Test Verifier 1778128313602",
        "email": "reject_verifier_1778128313602@example.com",
        "phone": "966690760",
        "age": 0,
        "qualification": "Apprentice Appraiser",
        "experienceYears": 0,
        "domainsInterested": null,
        "motivation": null,
        "portfolioUrl": null,
        "status": "PENDING",
        "adminRemarks": null,
        "submittedAt": "2026-05-07T04:31:53.187405"
    },
    {
        "applicationId": 8,
        "name": "New Verifier 1778128305018",
        "email": "new_verifier_1778128305018@example.com",
        "phone": "9555628654",
        "age": 0,
        "qualification": "Certified Gemologist",
        "experienceYears": 0,
        "domainsInterested": null,
        "motivation": null,
        "portfolioUrl": null,
        "status": "PENDING",
        "adminRemarks": null,
        "submittedAt": "2026-05-07T04:31:45.040697"
    },
    {
        "applicationId": 7,
        "name": "Reject Test Verifier 1778127997970",
        "email": "reject_verifier_1778127997970@example.com",
        "phone": "966637430",
        "age": 0,
        "qualification": "Apprentice Appraiser",
        "experienceYears": 0,
        "domainsInterested": null,
        "motivation": null,
        "portfolioUrl": null,
        "status": "PENDING",
        "adminRemarks": null,
        "submittedAt": "2026-05-07T04:26:37.60237"
    },
    {
        "applicationId": 6,
        "name": "New Verifier 1778127989338",
        "email": "new_verifier_1778127989338@example.com",
        "phone": "9555314947",
        "age": 0,
        "qualification": "Certified Gemologist",
        "experienceYears": 0,
        "domainsInterested": null,
        "motivation": null,
        "portfolioUrl": null,
        "status": "PENDING",
        "adminRemarks": null,
        "submittedAt": "2026-05-07T04:26:29.17884"
    },
    {
        "applicationId": 5,
        "name": "Reject Test Verifier 1778127792444",
        "email": "reject_verifier_1778127792444@example.com",
        "phone": "966692520",
        "age": 0,
        "qualification": "Apprentice Appraiser",
        "experienceYears": 0,
        "domainsInterested": null,
        "motivation": null,
        "portfolioUrl": null,
        "status": "PENDING",
        "adminRemarks": null,
        "submittedAt": "2026-05-07T04:23:12.469045"
    },
    {
        "applicationId": 4,
        "name": "Incomplete App",
        "email": null,
        "phone": null,
        "age": 0,
        "qualification": null,
        "experienceYears": 0,
        "domainsInterested": null,
        "motivation": null,
        "portfolioUrl": null,
        "status": "PENDING",
        "adminRemarks": null,
        "submittedAt": "2026-05-07T04:23:05.120031"
    },
    {
        "applicationId": 3,
        "name": "New Verifier 1778127782756",
        "email": "new_verifier_1778127782756@example.com",
        "phone": "9555312535",
        "age": 0,
        "qualification": "Certified Gemologist",
        "experienceYears": 0,
        "domainsInterested": null,
        "motivation": null,
        "portfolioUrl": null,
        "status": "PENDING",
        "adminRemarks": null,
        "submittedAt": "2026-05-07T04:23:02.628698"
    },
    {
        "applicationId": 2,
        "name": "Sabha Verifier",
        "email": "verifier_sabha@example.com",
        "phone": "9000000004",
        "age": 0,
        "qualification": "Certified Appraiser",
        "experienceYears": 0,
        "domainsInterested": null,
        "motivation": null,
        "portfolioUrl": null,
        "status": "PENDING",
        "adminRemarks": null,
        "submittedAt": "2026-05-07T04:14:58.843475"
    },
    {
        "applicationId": 1,
        "name": "karthi",
        "email": "karthi@gmail.com",
        "phone": "1234567890",
        "age": 21,
        "qualification": "B.Tech / B.E",
        "experienceYears": 2,
        "domainsInterested": "Vehicles",
        "motivation": "Think of it like a massive parking lot (RAM). The Browser rents a specific section of that lot (Heap) to store all the \"cars\" (DOM elements like buttons, divs, and scripts) currently active on your webpage.",
        "portfolioUrl": "",
        "status": "APPROVED",
        "adminRemarks": "",
        "submittedAt": "2026-05-05T12:24:43.460607"
    }
]
[VERIFIER APP] No app ID found — VERIFIER tests will be skipped/limited.
Request method:	POST
Request URI:	https://auction-sabha-api.onrender.com/api/auth/login
Proxy:			<none>
Request params:	<none>
Query params:	<none>
Form params:	<none>
Path params:	<none>
Headers:		Accept=application/json, application/javascript, text/javascript, text/json
				Content-Type=application/json
Cookies:		<none>
Multiparts:		<none>
Body:
{
    "password": "Verifier@2025",
    "email": "verifier_sabha@example.com"
}
HTTP/1.1 401 Unauthorized
Date: Thu, 07 May 2026 07:44:44 GMT
Content-Type: application/json
Transfer-Encoding: chunked
Connection: keep-alive
Cache-Control: no-cache, no-store, max-age=0, must-revalidate
cf-cache-status: DYNAMIC
expires: 0
pragma: no-cache
rndr-id: ad530344-17dc-42ff
Server: cloudflare
strict-transport-security: max-age=31536000 ; includeSubDomains
vary: Origin
vary: Access-Control-Request-Method
vary: Access-Control-Request-Headers
vary: Accept-Encoding
x-content-type-options: nosniff
x-frame-options: DENY
x-render-origin-server: Render
x-xss-protection: 0
CF-RAY: 9f7e99e56b38abec-MAA
alt-svc: h3=":443"; ma=86400

Invalid credentials
Request method:	POST
Request URI:	https://auction-sabha-api.onrender.com/api/auth/login
Proxy:			<none>
Request params:	<none>
Query params:	<none>
Form params:	<none>
Path params:	<none>
Headers:		Accept=application/json, application/javascript, text/javascript, text/json
				Content-Type=application/json
Cookies:		<none>
Multiparts:		<none>
Body:
{
    "password": "verifier@2025",
    "email": "verifier_sabha@example.com"
}
HTTP/1.1 401 Unauthorized
Date: Thu, 07 May 2026 07:44:46 GMT
Content-Type: application/json
Transfer-Encoding: chunked
Connection: keep-alive
Cache-Control: no-cache, no-store, max-age=0, must-revalidate
expires: 0
pragma: no-cache
rndr-id: 6f938402-2c84-4766
Server: cloudflare
strict-transport-security: max-age=31536000 ; includeSubDomains
vary: Origin
vary: Access-Control-Request-Method
vary: Access-Control-Request-Headers
vary: Accept-Encoding
x-content-type-options: nosniff
x-frame-options: DENY
x-render-origin-server: Render
x-xss-protection: 0
cf-cache-status: DYNAMIC
CF-RAY: 9f7e99eb5f53abec-MAA
alt-svc: h3=":443"; ma=86400

Invalid credentials
Request method:	POST
Request URI:	https://auction-sabha-api.onrender.com/api/auth/login
Proxy:			<none>
Request params:	<none>
Query params:	<none>
Form params:	<none>
Path params:	<none>
Headers:		Accept=application/json, application/javascript, text/javascript, text/json
				Content-Type=application/json
Cookies:		<none>
Multiparts:		<none>
Body:
{
    "password": "Welcome@1",
    "email": "verifier_sabha@example.com"
}
HTTP/1.1 401 Unauthorized
Date: Thu, 07 May 2026 07:44:46 GMT
Content-Type: application/json
Transfer-Encoding: chunked
Connection: keep-alive
Cache-Control: no-cache, no-store, max-age=0, must-revalidate
cf-cache-status: DYNAMIC
expires: 0
pragma: no-cache
rndr-id: da4699c3-daf9-449d
Server: cloudflare
strict-transport-security: max-age=31536000 ; includeSubDomains
vary: Origin
vary: Access-Control-Request-Method
vary: Access-Control-Request-Headers
vary: Accept-Encoding
x-content-type-options: nosniff
x-frame-options: DENY
x-render-origin-server: Render
x-xss-protection: 0
CF-RAY: 9f7e99f12ae7abec-MAA
alt-svc: h3=":443"; ma=86400

Invalid credentials
[VERIFIER LOGIN] All fallback attempts failed. Verifier token stays empty.

── Tokens stored ─────────────────────────────
ADMIN    userId=19
SELLER   userId=20
BUYER    userId=21
VERIFIER userId=0
──────────────────────────────────────────────

Request method:	POST
Request URI:	https://auction-sabha-api.onrender.com/api/auth/register
Proxy:			<none>
Request params:	<none>
Query params:	<none>
Form params:	<none>
Path params:	<none>
Headers:		Accept=application/json, application/javascript, text/javascript, text/json
				Content-Type=application/json
Cookies:		<none>
Multiparts:		<none>
Body:
{
    "password": "any_password",
    "role": "BUYER",
    "phone": "9999999999",
    "name": "Duplicate User",
    "email": "admin_sabha@example.com"
}
HTTP/1.1 400 Bad Request
Date: Thu, 07 May 2026 07:45:03 GMT
Content-Type: application/json
Transfer-Encoding: chunked
Connection: keep-alive
Cache-Control: no-cache, no-store, max-age=0, must-revalidate
expires: 0
pragma: no-cache
rndr-id: 5e8a8dc5-fc11-4860
Server: cloudflare
strict-transport-security: max-age=31536000 ; includeSubDomains
vary: Origin
vary: Access-Control-Request-Method
vary: Access-Control-Request-Headers
vary: Accept-Encoding
x-content-type-options: nosniff
x-frame-options: DENY
x-render-origin-server: Render
x-xss-protection: 0
cf-cache-status: DYNAMIC
CF-RAY: 9f7e9a59f99eabec-MAA
alt-svc: h3=":443"; ma=86400

Email already registered!
[DUPLICATE REG] Status: 400
[DUPLICATE REG] Body  : Email already registered!
]]></system-out>
    <system-err><![CDATA[SLF4J: Failed to load class "org.slf4j.impl.StaticLoggerBinder".
SLF4J: Defaulting to no-operation (NOP) logger implementation
SLF4J: See http://www.slf4j.org/codes.html#StaticLoggerBinder for further details.
]]></system-err>
  </testcase>
  <testcase name="loginWithWrongPassword_shouldReturn401" classname="com.auctionsabha.tests.AuthTest" time="1.09">
    <system-out><![CDATA[Request method:	POST
Request URI:	https://auction-sabha-api.onrender.com/api/auth/login
Proxy:			<none>
Request params:	<none>
Query params:	<none>
Form params:	<none>
Path params:	<none>
Headers:		Accept=application/json, application/javascript, text/javascript, text/json
				Content-Type=application/json
Cookies:		<none>
Multiparts:		<none>
Body:
{
    "password": "totally_wrong_password",
    "email": "admin_sabha@example.com"
}
HTTP/1.1 401 Unauthorized
Date: Thu, 07 May 2026 07:45:05 GMT
Content-Type: application/json
Transfer-Encoding: chunked
Connection: keep-alive
Cache-Control: no-cache, no-store, max-age=0, must-revalidate
expires: 0
pragma: no-cache
rndr-id: 455714d4-b3f1-498a
Server: cloudflare
strict-transport-security: max-age=31536000 ; includeSubDomains
vary: Origin
vary: Access-Control-Request-Method
vary: Access-Control-Request-Headers
vary: Accept-Encoding
x-content-type-options: nosniff
x-frame-options: DENY
x-render-origin-server: Render
x-xss-protection: 0
cf-cache-status: DYNAMIC
CF-RAY: 9f7e9a612ac1abec-MAA
alt-svc: h3=":443"; ma=86400

Invalid credentials
[WRONG PWD] Status: 401
]]></system-out>
  </testcase>
  <testcase name="loginWithNonExistentEmail_shouldReturn400OrNotFound" classname="com.auctionsabha.tests.AuthTest" time="0.698">
    <system-out><![CDATA[Request method:	POST
Request URI:	https://auction-sabha-api.onrender.com/api/auth/login
Proxy:			<none>
Request params:	<none>
Query params:	<none>
Form params:	<none>
Path params:	<none>
Headers:		Accept=application/json, application/javascript, text/javascript, text/json
				Content-Type=application/json
Cookies:		<none>
Multiparts:		<none>
Body:
{
    "password": "password123",
    "email": "nonexistent_1778139906117@example.com"
}
HTTP/1.1 401 Unauthorized
Date: Thu, 07 May 2026 07:45:05 GMT
Content-Type: application/json
Transfer-Encoding: chunked
Connection: keep-alive
Cache-Control: no-cache, no-store, max-age=0, must-revalidate
cf-cache-status: DYNAMIC
expires: 0
pragma: no-cache
rndr-id: 99b8d5cb-a8ac-41d2
Server: cloudflare
strict-transport-security: max-age=31536000 ; includeSubDomains
vary: Origin
vary: Access-Control-Request-Method
vary: Access-Control-Request-Headers
vary: Accept-Encoding
x-content-type-options: nosniff
x-frame-options: DENY
x-render-origin-server: Render
x-xss-protection: 0
CF-RAY: 9f7e9a6829fbabec-MAA
alt-svc: h3=":443"; ma=86400

Invalid credentials
[NONEXIST EMAIL] Status: 401
]]></system-out>
  </testcase>
  <testcase name="loginWithMissingEmailField_shouldReturn400" classname="com.auctionsabha.tests.AuthTest" time="0.598">
    <failure message="Login without email should return 400&#10;Expected: (is &lt;400&gt; or is &lt;422&gt;)&#10;     but: was &lt;401&gt;" type="java.lang.AssertionError"><![CDATA[java.lang.AssertionError: 
Login without email should return 400
Expected: (is <400> or is <422>)
     but: was <401>
	at org.hamcrest.MatcherAssert.assertThat(MatcherAssert.java:20)
	at com.auctionsabha.tests.AuthTest.loginWithMissingEmailField_shouldReturn400(AuthTest.java:114)
	at java.base/jdk.internal.reflect.DirectMethodHandleAccessor.invoke(DirectMethodHandleAccessor.java:103)
	at java.base/java.lang.reflect.Method.invoke(Method.java:580)
	at org.testng.internal.invokers.MethodInvocationHelper.invokeMethod(MethodInvocationHelper.java:139)
	at org.testng.internal.invokers.TestInvoker.invokeMethod(TestInvoker.java:664)
	at org.testng.internal.invokers.TestInvoker.invokeTestMethod(TestInvoker.java:228)
	at org.testng.internal.invokers.MethodRunner.runInSequence(MethodRunner.java:63)
	at org.testng.internal.invokers.TestInvoker$MethodInvocationAgent.invoke(TestInvoker.java:961)
	at org.testng.internal.invokers.TestInvoker.invokeTestMethods(TestInvoker.java:201)
	at org.testng.internal.invokers.TestMethodWorker.invokeTestMethods(TestMethodWorker.java:148)
	at org.testng.internal.invokers.TestMethodWorker.run(TestMethodWorker.java:128)
	at java.base/java.util.ArrayList.forEach(ArrayList.java:1596)
	at org.testng.TestRunner.privateRun(TestRunner.java:819)
	at org.testng.TestRunner.run(TestRunner.java:619)
	at org.testng.SuiteRunner.runTest(SuiteRunner.java:443)
	at org.testng.SuiteRunner.runSequentially(SuiteRunner.java:437)
	at org.testng.SuiteRunner.privateRun(SuiteRunner.java:397)
	at org.testng.SuiteRunner.run(SuiteRunner.java:336)
	at org.testng.SuiteRunnerWorker.runSuite(SuiteRunnerWorker.java:52)
	at org.testng.SuiteRunnerWorker.run(SuiteRunnerWorker.java:95)
	at org.testng.TestNG.runSuitesSequentially(TestNG.java:1301)
	at org.testng.TestNG.runSuitesLocally(TestNG.java:1228)
	at org.testng.TestNG.runSuites(TestNG.java:1134)
	at org.testng.TestNG.run(TestNG.java:1101)
	at org.apache.maven.surefire.testng.TestNGExecutor.run(TestNGExecutor.java:308)
	at org.apache.maven.surefire.testng.TestNGXmlTestSuite.execute(TestNGXmlTestSuite.java:71)
	at org.apache.maven.surefire.testng.TestNGProvider.invoke(TestNGProvider.java:113)
	at org.apache.maven.surefire.booter.ForkedBooter.runSuitesInProcess(ForkedBooter.java:385)
	at org.apache.maven.surefire.booter.ForkedBooter.execute(ForkedBooter.java:162)
	at org.apache.maven.surefire.booter.ForkedBooter.run(ForkedBooter.java:507)
	at org.apache.maven.surefire.booter.ForkedBooter.main(ForkedBooter.java:495)
]]></failure>
    <system-out><![CDATA[Request method:	POST
Request URI:	https://auction-sabha-api.onrender.com/api/auth/login
Proxy:			<none>
Request params:	<none>
Query params:	<none>
Form params:	<none>
Path params:	<none>
Headers:		Accept=application/json, application/javascript, text/javascript, text/json
				Content-Type=application/json
Cookies:		<none>
Multiparts:		<none>
Body:
{
    "password": "password123"
}
HTTP/1.1 401 Unauthorized
Date: Thu, 07 May 2026 07:45:06 GMT
Content-Type: application/json
Transfer-Encoding: chunked
Connection: keep-alive
Cache-Control: no-cache, no-store, max-age=0, must-revalidate
expires: 0
pragma: no-cache
rndr-id: d12da34b-d213-4722
Server: cloudflare
strict-transport-security: max-age=31536000 ; includeSubDomains
vary: Origin
vary: Access-Control-Request-Method
vary: Access-Control-Request-Headers
vary: Accept-Encoding
x-content-type-options: nosniff
x-frame-options: DENY
x-render-origin-server: Render
x-xss-protection: 0
cf-cache-status: DYNAMIC
CF-RAY: 9f7e9a6c0f39abec-MAA
alt-svc: h3=":443"; ma=86400

Invalid credentials
[MISSING EMAIL] Status: 401
]]></system-out>
  </testcase>
  <testcase name="getAdminProfile_shouldReturn200WithUserDetails" classname="com.auctionsabha.tests.AuthTest" time="1.813">
    <system-out><![CDATA[Request method:	GET
Request URI:	https://auction-sabha-api.onrender.com/api/auth/profile/19
Proxy:			<none>
Request params:	<none>
Query params:	<none>
Form params:	<none>
Path params:	<none>
Headers:		Accept=application/json, application/javascript, text/javascript, text/json
				Authorization=Bearer eyJhbGciOiJIUzI1NiJ9.eyJzdWIiOiJhZG1pbl9zYWJoYUBleGFtcGxlLmNvbSIsInJvbGUiOiJBRE1JTiIsImlhdCI6MTc3ODEzOTg3NiwiZXhwIjoxNzc4MTQzNDc2fQ.qBboRcmyFxAi0x-RZIhXlrFoeHK6z7KtM-7p6XPT5y0
				Content-Type=application/json
Cookies:		<none>
Multiparts:		<none>
Body:			<none>
HTTP/1.1 200 OK
Date: Thu, 07 May 2026 07:45:08 GMT
Content-Type: application/json
Transfer-Encoding: chunked
Connection: keep-alive
Cache-Control: no-cache, no-store, max-age=0, must-revalidate
cf-cache-status: DYNAMIC
expires: 0
pragma: no-cache
rndr-id: e2423c98-9923-4627
Server: cloudflare
strict-transport-security: max-age=31536000 ; includeSubDomains
vary: Origin
vary: Access-Control-Request-Method
vary: Access-Control-Request-Headers
vary: Accept-Encoding
x-content-type-options: nosniff
x-frame-options: DENY
x-render-origin-server: Render
x-xss-protection: 0
Content-Encoding: gzip
CF-RAY: 9f7e9a6fbb45abec-MAA
alt-svc: h3=":443"; ma=86400

{
    "userId": 19,
    "name": "Hacker",
    "email": "admin_sabha@example.com",
    "phone": "0000000000",
    "role": "ADMIN",
    "age": null,
    "place": null,
    "about": null
}
[GET PROFILE ADMIN] Status: 200
[GET PROFILE ADMIN] Body  : {"userId":19,"name":"Hacker","email":"admin_sabha@example.com","phone":"0000000000","role":"ADMIN","age":null,"place":null,"about":null}
]]></system-out>
  </testcase>
  <testcase name="getBuyerProfile_shouldReturn200" classname="com.auctionsabha.tests.AuthTest" time="1.8">
    <system-out><![CDATA[Request method:	GET
Request URI:	https://auction-sabha-api.onrender.com/api/auth/profile/21
Proxy:			<none>
Request params:	<none>
Query params:	<none>
Form params:	<none>
Path params:	<none>
Headers:		Accept=application/json, application/javascript, text/javascript, text/json
				Authorization=Bearer eyJhbGciOiJIUzI1NiJ9.eyJzdWIiOiJidXllcl9zYWJoYUBleGFtcGxlLmNvbSIsInJvbGUiOiJCVVlFUiIsImlhdCI6MTc3ODEzOTg4MSwiZXhwIjoxNzc4MTQzNDgxfQ.H5NPmClCZJb4MSFMyW1O-YLPtKsDy4a2abC3VIIUvb4
				Content-Type=application/json
Cookies:		<none>
Multiparts:		<none>
Body:			<none>
HTTP/1.1 200 OK
Date: Thu, 07 May 2026 07:45:10 GMT
Content-Type: application/json
Transfer-Encoding: chunked
Connection: keep-alive
Cache-Control: no-cache, no-store, max-age=0, must-revalidate
expires: 0
pragma: no-cache
rndr-id: c8f22a6e-4f17-4685
Server: cloudflare
strict-transport-security: max-age=31536000 ; includeSubDomains
vary: Origin
vary: Access-Control-Request-Method
vary: Access-Control-Request-Headers
vary: Accept-Encoding
x-content-type-options: nosniff
x-frame-options: DENY
x-render-origin-server: Render
x-xss-protection: 0
cf-cache-status: DYNAMIC
Content-Encoding: gzip
CF-RAY: 9f7e9a7b0af1abec-MAA
alt-svc: h3=":443"; ma=86400

{
    "userId": 21,
    "name": "Sabha Buyer",
    "email": "buyer_sabha@example.com",
    "phone": "9000000003",
    "role": "BUYER",
    "age": null,
    "place": null,
    "about": null
}
[GET PROFILE BUYER] Status: 200
]]></system-out>
  </testcase>
  <testcase name="getProfileWithoutToken_shouldReturn401" classname="com.auctionsabha.tests.AuthTest" time="1.78">
    <failure message="Profile without token should be rejected&#10;Expected: (is &lt;401&gt; or is &lt;403&gt;)&#10;     but: was &lt;200&gt;" type="java.lang.AssertionError"><![CDATA[java.lang.AssertionError: 
Profile without token should be rejected
Expected: (is <401> or is <403>)
     but: was <200>
	at org.hamcrest.MatcherAssert.assertThat(MatcherAssert.java:20)
	at com.auctionsabha.tests.AuthTest.getProfileWithoutToken_shouldReturn401(AuthTest.java:166)
	at java.base/jdk.internal.reflect.DirectMethodHandleAccessor.invoke(DirectMethodHandleAccessor.java:103)
	at java.base/java.lang.reflect.Method.invoke(Method.java:580)
	at org.testng.internal.invokers.MethodInvocationHelper.invokeMethod(MethodInvocationHelper.java:139)
	at org.testng.internal.invokers.TestInvoker.invokeMethod(TestInvoker.java:664)
	at org.testng.internal.invokers.TestInvoker.invokeTestMethod(TestInvoker.java:228)
	at org.testng.internal.invokers.MethodRunner.runInSequence(MethodRunner.java:63)
	at org.testng.internal.invokers.TestInvoker$MethodInvocationAgent.invoke(TestInvoker.java:961)
	at org.testng.internal.invokers.TestInvoker.invokeTestMethods(TestInvoker.java:201)
	at org.testng.internal.invokers.TestMethodWorker.invokeTestMethods(TestMethodWorker.java:148)
	at org.testng.internal.invokers.TestMethodWorker.run(TestMethodWorker.java:128)
	at java.base/java.util.ArrayList.forEach(ArrayList.java:1596)
	at org.testng.TestRunner.privateRun(TestRunner.java:819)
	at org.testng.TestRunner.run(TestRunner.java:619)
	at org.testng.SuiteRunner.runTest(SuiteRunner.java:443)
	at org.testng.SuiteRunner.runSequentially(SuiteRunner.java:437)
	at org.testng.SuiteRunner.privateRun(SuiteRunner.java:397)
	at org.testng.SuiteRunner.run(SuiteRunner.java:336)
	at org.testng.SuiteRunnerWorker.runSuite(SuiteRunnerWorker.java:52)
	at org.testng.SuiteRunnerWorker.run(SuiteRunnerWorker.java:95)
	at org.testng.TestNG.runSuitesSequentially(TestNG.java:1301)
	at org.testng.TestNG.runSuitesLocally(TestNG.java:1228)
	at org.testng.TestNG.runSuites(TestNG.java:1134)
	at org.testng.TestNG.run(TestNG.java:1101)
	at org.apache.maven.surefire.testng.TestNGExecutor.run(TestNGExecutor.java:308)
	at org.apache.maven.surefire.testng.TestNGXmlTestSuite.execute(TestNGXmlTestSuite.java:71)
	at org.apache.maven.surefire.testng.TestNGProvider.invoke(TestNGProvider.java:113)
	at org.apache.maven.surefire.booter.ForkedBooter.runSuitesInProcess(ForkedBooter.java:385)
	at org.apache.maven.surefire.booter.ForkedBooter.execute(ForkedBooter.java:162)
	at org.apache.maven.surefire.booter.ForkedBooter.run(ForkedBooter.java:507)
	at org.apache.maven.surefire.booter.ForkedBooter.main(ForkedBooter.java:495)
]]></failure>
    <system-out><![CDATA[Request method:	GET
Request URI:	https://auction-sabha-api.onrender.com/api/auth/profile/19
Proxy:			<none>
Request params:	<none>
Query params:	<none>
Form params:	<none>
Path params:	<none>
Headers:		Accept=application/json, application/javascript, text/javascript, text/json
				Content-Type=application/json
Cookies:		<none>
Multiparts:		<none>
Body:			<none>
HTTP/1.1 200 OK
Date: Thu, 07 May 2026 07:45:11 GMT
Content-Type: application/json
Transfer-Encoding: chunked
Connection: keep-alive
Cache-Control: no-cache, no-store, max-age=0, must-revalidate
cf-cache-status: DYNAMIC
expires: 0
pragma: no-cache
rndr-id: 5a6ed413-0f30-4ac9
Server: cloudflare
strict-transport-security: max-age=31536000 ; includeSubDomains
vary: Origin
vary: Access-Control-Request-Method
vary: Access-Control-Request-Headers
vary: Accept-Encoding
x-content-type-options: nosniff
x-frame-options: DENY
x-render-origin-server: Render
x-xss-protection: 0
Content-Encoding: gzip
CF-RAY: 9f7e9a865905abec-MAA
alt-svc: h3=":443"; ma=86400

{
    "userId": 19,
    "name": "Hacker",
    "email": "admin_sabha@example.com",
    "phone": "0000000000",
    "role": "ADMIN",
    "age": null,
    "place": null,
    "about": null
}
[GET PROFILE NO TOKEN] Status: 200
]]></system-out>
  </testcase>
  <testcase name="updateSellerProfile_shouldReturn200" classname="com.auctionsabha.tests.AuthTest" time="3.722">
    <system-out><![CDATA[Request method:	PUT
Request URI:	https://auction-sabha-api.onrender.com/api/auth/profile/20
Proxy:			<none>
Request params:	<none>
Query params:	<none>
Form params:	<none>
Path params:	<none>
Headers:		Accept=application/json, application/javascript, text/javascript, text/json
				Authorization=Bearer eyJhbGciOiJIUzI1NiJ9.eyJzdWIiOiJzZWxsZXJfc2FiaGFAZXhhbXBsZS5jb20iLCJyb2xlIjoiU0VMTEVSIiwiaWF0IjoxNzc4MTM5ODgwLCJleHAiOjE3NzgxNDM0ODB9.a31hm_8cR6Y4BnXrzicbBNPXf1s2E4n1KfVDcyYRuLk
				Content-Type=application/json
Cookies:		<none>
Multiparts:		<none>
Body:
{
    "phone": "9111111111",
    "name": "Sabha Seller Updated"
}
HTTP/1.1 200 OK
Date: Thu, 07 May 2026 07:45:15 GMT
Content-Type: application/json
Transfer-Encoding: chunked
Connection: keep-alive
Cache-Control: no-cache, no-store, max-age=0, must-revalidate
expires: 0
pragma: no-cache
rndr-id: 4a48afc5-e8d7-42f3
Server: cloudflare
strict-transport-security: max-age=31536000 ; includeSubDomains
vary: Origin
vary: Access-Control-Request-Method
vary: Access-Control-Request-Headers
vary: Accept-Encoding
x-content-type-options: nosniff
x-frame-options: DENY
x-render-origin-server: Render
x-xss-protection: 0
cf-cache-status: DYNAMIC
Content-Encoding: gzip
CF-RAY: 9f7e9a916e26abec-MAA
alt-svc: h3=":443"; ma=86400

{
    "userId": 20,
    "name": "Sabha Seller Updated",
    "email": "seller_sabha@example.com",
    "phone": "9111111111",
    "role": "SELLER",
    "age": null,
    "place": null,
    "about": null
}
[UPDATE PROFILE] Status: 200
[UPDATE PROFILE] Body  : {"userId":20,"name":"Sabha Seller Updated","email":"seller_sabha@example.com","phone":"9111111111","role":"SELLER","age":null,"place":null,"about":null}
]]></system-out>
  </testcase>
  <testcase name="updateProfileWithoutToken_shouldBeRejected" classname="com.auctionsabha.tests.AuthTest" time="3.737">
    <failure message="Profile update without token should fail&#10;Expected: (is &lt;401&gt; or is &lt;403&gt;)&#10;     but: was &lt;200&gt;" type="java.lang.AssertionError"><![CDATA[java.lang.AssertionError: 
Profile update without token should fail
Expected: (is <401> or is <403>)
     but: was <200>
	at org.hamcrest.MatcherAssert.assertThat(MatcherAssert.java:20)
	at com.auctionsabha.tests.AuthTest.updateProfileWithoutToken_shouldBeRejected(AuthTest.java:207)
	at java.base/jdk.internal.reflect.DirectMethodHandleAccessor.invoke(DirectMethodHandleAccessor.java:103)
	at java.base/java.lang.reflect.Method.invoke(Method.java:580)
	at org.testng.internal.invokers.MethodInvocationHelper.invokeMethod(MethodInvocationHelper.java:139)
	at org.testng.internal.invokers.TestInvoker.invokeMethod(TestInvoker.java:664)
	at org.testng.internal.invokers.TestInvoker.invokeTestMethod(TestInvoker.java:228)
	at org.testng.internal.invokers.MethodRunner.runInSequence(MethodRunner.java:63)
	at org.testng.internal.invokers.TestInvoker$MethodInvocationAgent.invoke(TestInvoker.java:961)
	at org.testng.internal.invokers.TestInvoker.invokeTestMethods(TestInvoker.java:201)
	at org.testng.internal.invokers.TestMethodWorker.invokeTestMethods(TestMethodWorker.java:148)
	at org.testng.internal.invokers.TestMethodWorker.run(TestMethodWorker.java:128)
	at java.base/java.util.ArrayList.forEach(ArrayList.java:1596)
	at org.testng.TestRunner.privateRun(TestRunner.java:819)
	at org.testng.TestRunner.run(TestRunner.java:619)
	at org.testng.SuiteRunner.runTest(SuiteRunner.java:443)
	at org.testng.SuiteRunner.runSequentially(SuiteRunner.java:437)
	at org.testng.SuiteRunner.privateRun(SuiteRunner.java:397)
	at org.testng.SuiteRunner.run(SuiteRunner.java:336)
	at org.testng.SuiteRunnerWorker.runSuite(SuiteRunnerWorker.java:52)
	at org.testng.SuiteRunnerWorker.run(SuiteRunnerWorker.java:95)
	at org.testng.TestNG.runSuitesSequentially(TestNG.java:1301)
	at org.testng.TestNG.runSuitesLocally(TestNG.java:1228)
	at org.testng.TestNG.runSuites(TestNG.java:1134)
	at org.testng.TestNG.run(TestNG.java:1101)
	at org.apache.maven.surefire.testng.TestNGExecutor.run(TestNGExecutor.java:308)
	at org.apache.maven.surefire.testng.TestNGXmlTestSuite.execute(TestNGXmlTestSuite.java:71)
	at org.apache.maven.surefire.testng.TestNGProvider.invoke(TestNGProvider.java:113)
	at org.apache.maven.surefire.booter.ForkedBooter.runSuitesInProcess(ForkedBooter.java:385)
	at org.apache.maven.surefire.booter.ForkedBooter.execute(ForkedBooter.java:162)
	at org.apache.maven.surefire.booter.ForkedBooter.run(ForkedBooter.java:507)
	at org.apache.maven.surefire.booter.ForkedBooter.main(ForkedBooter.java:495)
]]></failure>
    <system-out><![CDATA[Request method:	PUT
Request URI:	https://auction-sabha-api.onrender.com/api/auth/profile/19
Proxy:			<none>
Request params:	<none>
Query params:	<none>
Form params:	<none>
Path params:	<none>
Headers:		Accept=application/json, application/javascript, text/javascript, text/json
				Content-Type=application/json
Cookies:		<none>
Multiparts:		<none>
Body:
{
    "phone": "0000000000",
    "name": "Hacker"
}
HTTP/1.1 200 OK
Date: Thu, 07 May 2026 07:45:19 GMT
Content-Type: application/json
Transfer-Encoding: chunked
Connection: keep-alive
Cache-Control: no-cache, no-store, max-age=0, must-revalidate
cf-cache-status: DYNAMIC
expires: 0
pragma: no-cache
rndr-id: f26237e5-4643-4a1a
Server: cloudflare
strict-transport-security: max-age=31536000 ; includeSubDomains
vary: Origin
vary: Access-Control-Request-Method
vary: Access-Control-Request-Headers
vary: Accept-Encoding
x-content-type-options: nosniff
x-frame-options: DENY
x-render-origin-server: Render
x-xss-protection: 0
Content-Encoding: gzip
CF-RAY: 9f7e9aa8eab9abec-MAA
alt-svc: h3=":443"; ma=86400

{
    "userId": 19,
    "name": "Hacker",
    "email": "admin_sabha@example.com",
    "phone": "0000000000",
    "role": "ADMIN",
    "age": null,
    "place": null,
    "about": null
}
[UPDATE PROFILE NO TOKEN] Status: 200
]]></system-out>
  </testcase>
  <testcase name="changeBuyerPassword_thenRevert_shouldReturn200" classname="com.auctionsabha.tests.AuthTest" time="9.408">
    <system-out><![CDATA[Request method:	POST
Request URI:	https://auction-sabha-api.onrender.com/api/auth/change-password
Proxy:			<none>
Request params:	<none>
Query params:	<none>
Form params:	<none>
Path params:	<none>
Headers:		Accept=application/json, application/javascript, text/javascript, text/json
				Authorization=Bearer eyJhbGciOiJIUzI1NiJ9.eyJzdWIiOiJidXllcl9zYWJoYUBleGFtcGxlLmNvbSIsInJvbGUiOiJCVVlFUiIsImlhdCI6MTc3ODEzOTg4MSwiZXhwIjoxNzc4MTQzNDgxfQ.H5NPmClCZJb4MSFMyW1O-YLPtKsDy4a2abC3VIIUvb4
				Content-Type=application/json
Cookies:		<none>
Multiparts:		<none>
Body:
{
    "oldPassword": "buyer@2025",
    "newPassword": "buyer_new@2025",
    "userId": 21
}
HTTP/1.1 200 OK
Date: Thu, 07 May 2026 07:45:23 GMT
Content-Type: application/json
Transfer-Encoding: chunked
Connection: keep-alive
Cache-Control: no-cache, no-store, max-age=0, must-revalidate
expires: 0
pragma: no-cache
rndr-id: f64e9aae-b5cd-4e7f
Server: cloudflare
strict-transport-security: max-age=31536000 ; includeSubDomains
vary: Origin
vary: Access-Control-Request-Method
vary: Access-Control-Request-Headers
vary: Accept-Encoding
x-content-type-options: nosniff
x-frame-options: DENY
x-render-origin-server: Render
x-xss-protection: 0
cf-cache-status: DYNAMIC
CF-RAY: 9f7e9ac04e99abec-MAA
alt-svc: h3=":443"; ma=86400

Password updated successfully
[CHANGE PWD] Status: 200
[CHANGE PWD] Body  : Password updated successfully
Request method:	POST
Request URI:	https://auction-sabha-api.onrender.com/api/auth/login
Proxy:			<none>
Request params:	<none>
Query params:	<none>
Form params:	<none>
Path params:	<none>
Headers:		Accept=application/json, application/javascript, text/javascript, text/json
				Content-Type=application/json
Cookies:		<none>
Multiparts:		<none>
Body:
{
    "password": "buyer_new@2025",
    "email": "buyer_sabha@example.com"
}
HTTP/1.1 200 OK
Date: Thu, 07 May 2026 07:45:24 GMT
Content-Type: application/json
Transfer-Encoding: chunked
Connection: keep-alive
Cache-Control: no-cache, no-store, max-age=0, must-revalidate
expires: 0
pragma: no-cache
rndr-id: 394855bd-dfe4-4fb7
Server: cloudflare
strict-transport-security: max-age=31536000 ; includeSubDomains
vary: Origin
vary: Access-Control-Request-Method
vary: Access-Control-Request-Headers
vary: Accept-Encoding
x-content-type-options: nosniff
x-frame-options: DENY
x-render-origin-server: Render
x-xss-protection: 0
cf-cache-status: DYNAMIC
Content-Encoding: gzip
CF-RAY: 9f7e9ad9ebe5abec-MAA
alt-svc: h3=":443"; ma=86400

{
    "message": "Login Successful",
    "role": "BUYER",
    "token": "eyJhbGciOiJIUzI1NiJ9.eyJzdWIiOiJidXllcl9zYWJoYUBleGFtcGxlLmNvbSIsInJvbGUiOiJCVVlFUiIsImlhdCI6MTc3ODEzOTkyNCwiZXhwIjoxNzc4MTQzNTI0fQ.0owFO7sXN_J8nODF_4T56axjiFMIm671BTG4160t9fM",
    "userId": 21,
    "name": "Sabha Buyer"
}
Request method:	POST
Request URI:	https://auction-sabha-api.onrender.com/api/auth/change-password
Proxy:			<none>
Request params:	<none>
Query params:	<none>
Form params:	<none>
Path params:	<none>
Headers:		Accept=application/json, application/javascript, text/javascript, text/json
				Authorization=Bearer eyJhbGciOiJIUzI1NiJ9.eyJzdWIiOiJidXllcl9zYWJoYUBleGFtcGxlLmNvbSIsInJvbGUiOiJCVVlFUiIsImlhdCI6MTc3ODEzOTkyNCwiZXhwIjoxNzc4MTQzNTI0fQ.0owFO7sXN_J8nODF_4T56axjiFMIm671BTG4160t9fM
				Content-Type=application/json
Cookies:		<none>
Multiparts:		<none>
Body:
{
    "oldPassword": "buyer_new@2025",
    "newPassword": "buyer@2025",
    "userId": 21
}
HTTP/1.1 200 OK
Date: Thu, 07 May 2026 07:45:28 GMT
Content-Type: application/json
Transfer-Encoding: chunked
Connection: keep-alive
Cache-Control: no-cache, no-store, max-age=0, must-revalidate
cf-cache-status: DYNAMIC
expires: 0
pragma: no-cache
rndr-id: 5a2d95a6-3b7b-416b
Server: cloudflare
strict-transport-security: max-age=31536000 ; includeSubDomains
vary: Origin
vary: Access-Control-Request-Method
vary: Access-Control-Request-Headers
vary: Accept-Encoding
x-content-type-options: nosniff
x-frame-options: DENY
x-render-origin-server: Render
x-xss-protection: 0
CF-RAY: 9f7e9ae18c6cabec-MAA
alt-svc: h3=":443"; ma=86400

Password updated successfully
[CHANGE PWD] Reverted buyer password back to original.
]]></system-out>
  </testcase>
  <testcase name="changePasswordWithWrongOldPassword_shouldFail" classname="com.auctionsabha.tests.AuthTest" time="2.113">
    <system-out><![CDATA[Request method:	POST
Request URI:	https://auction-sabha-api.onrender.com/api/auth/change-password
Proxy:			<none>
Request params:	<none>
Query params:	<none>
Form params:	<none>
Path params:	<none>
Headers:		Accept=application/json, application/javascript, text/javascript, text/json
				Authorization=Bearer eyJhbGciOiJIUzI1NiJ9.eyJzdWIiOiJzZWxsZXJfc2FiaGFAZXhhbXBsZS5jb20iLCJyb2xlIjoiU0VMTEVSIiwiaWF0IjoxNzc4MTM5ODgwLCJleHAiOjE3NzgxNDM0ODB9.a31hm_8cR6Y4BnXrzicbBNPXf1s2E4n1KfVDcyYRuLk
				Content-Type=application/json
Cookies:		<none>
Multiparts:		<none>
Body:
{
    "oldPassword": "completely_wrong_old_password",
    "newPassword": "new_password_123",
    "userId": 20
}
HTTP/1.1 400 Bad Request
Date: Thu, 07 May 2026 07:45:30 GMT
Content-Type: application/json
Transfer-Encoding: chunked
Connection: keep-alive
Cache-Control: no-cache, no-store, max-age=0, must-revalidate
expires: 0
pragma: no-cache
rndr-id: b1dfe9d9-637b-4bec
Server: cloudflare
strict-transport-security: max-age=31536000 ; includeSubDomains
vary: Origin
vary: Access-Control-Request-Method
vary: Access-Control-Request-Headers
vary: Accept-Encoding
x-content-type-options: nosniff
x-frame-options: DENY
x-render-origin-server: Render
x-xss-protection: 0
cf-cache-status: DYNAMIC
CF-RAY: 9f7e9afaf8e3abec-MAA
alt-svc: h3=":443"; ma=86400

Current password is incorrect
[CHANGE PWD WRONG] Status: 400
]]></system-out>
  </testcase>
  <testcase name="loginAdmin_shouldReturnExpectedFields" classname="com.auctionsabha.tests.AuthTest" time="1.182">
    <system-out><![CDATA[Request method:	POST
Request URI:	https://auction-sabha-api.onrender.com/api/auth/login
Proxy:			<none>
Request params:	<none>
Query params:	<none>
Form params:	<none>
Path params:	<none>
Headers:		Accept=application/json, application/javascript, text/javascript, text/json
				Content-Type=application/json
Cookies:		<none>
Multiparts:		<none>
Body:
{
    "password": "admin@2025",
    "email": "admin_sabha@example.com"
}
HTTP/1.1 200 OK
Date: Thu, 07 May 2026 07:45:31 GMT
Content-Type: application/json
Transfer-Encoding: chunked
Connection: keep-alive
Cache-Control: no-cache, no-store, max-age=0, must-revalidate
cf-cache-status: DYNAMIC
expires: 0
pragma: no-cache
rndr-id: 5cd4d3fb-15cf-4b9a
Server: cloudflare
strict-transport-security: max-age=31536000 ; includeSubDomains
vary: Origin
vary: Access-Control-Request-Method
vary: Access-Control-Request-Headers
vary: Accept-Encoding
x-content-type-options: nosniff
x-frame-options: DENY
x-render-origin-server: Render
x-xss-protection: 0
Content-Encoding: gzip
CF-RAY: 9f7e9b080baeabec-MAA
alt-svc: h3=":443"; ma=86400

{
    "message": "Login Successful",
    "role": "ADMIN",
    "token": "eyJhbGciOiJIUzI1NiJ9.eyJzdWIiOiJhZG1pbl9zYWJoYUBleGFtcGxlLmNvbSIsInJvbGUiOiJBRE1JTiIsImlhdCI6MTc3ODEzOTkzMSwiZXhwIjoxNzc4MTQzNTMxfQ.W4HmboacBRc1a1_6qh4a8rmGD4pWhJoU6BdJWU9w9xY",
    "userId": 19,
    "name": "Hacker"
}
[LOGIN FIELDS] Status: 200
]]></system-out>
  </testcase>
  <testcase name="getCategories_shouldReturn200WithList" classname="com.auctionsabha.tests.ProductTest" time="2.061">
    <system-out><![CDATA[Request method:	GET
Request URI:	https://auction-sabha-api.onrender.com/api/products/categories
Proxy:			<none>
Request params:	<none>
Query params:	<none>
Form params:	<none>
Path params:	<none>
Headers:		Accept=application/json, application/javascript, text/javascript, text/json
				Authorization=Bearer eyJhbGciOiJIUzI1NiJ9.eyJzdWIiOiJhZG1pbl9zYWJoYUBleGFtcGxlLmNvbSIsInJvbGUiOiJBRE1JTiIsImlhdCI6MTc3ODEzOTg3NiwiZXhwIjoxNzc4MTQzNDc2fQ.qBboRcmyFxAi0x-RZIhXlrFoeHK6z7KtM-7p6XPT5y0
				Content-Type=application/json
Cookies:		<none>
Multiparts:		<none>
Body:			<none>
HTTP/1.1 200 OK
Date: Thu, 07 May 2026 07:45:34 GMT
Content-Type: application/json
Transfer-Encoding: chunked
Connection: keep-alive
Cache-Control: no-cache, no-store, max-age=0, must-revalidate
cf-cache-status: DYNAMIC
expires: 0
pragma: no-cache
rndr-id: a9fb240c-bc51-4c49
Server: cloudflare
strict-transport-security: max-age=31536000 ; includeSubDomains
vary: Origin
vary: Access-Control-Request-Method
vary: Access-Control-Request-Headers
vary: Accept-Encoding
x-content-type-options: nosniff
x-frame-options: DENY
x-render-origin-server: Render
x-xss-protection: 0
Content-Encoding: gzip
CF-RAY: 9f7e9b101dd741be-MAA
alt-svc: h3=":443"; ma=86400

[
    {
        "categoryId": 1,
        "categoryName": "Electronics"
    },
    {
        "categoryId": 2,
        "categoryName": "Antiques"
    },
    {
        "categoryId": 3,
        "categoryName": "Art"
    },
    {
        "categoryId": 4,
        "categoryName": "Vehicles"
    },
    {
        "categoryId": 5,
        "categoryName": "Real Estate"
    },
    {
        "categoryId": 6,
        "categoryName": "Jewelry"
    },
    {
        "categoryId": 7,
        "categoryName": "Watches"
    },
    {
        "categoryId": 8,
        "categoryName": "Furniture"
    },
    {
        "categoryId": 9,
        "categoryName": "Books & Manuscripts"
    },
    {
        "categoryId": 10,
        "categoryName": "Coins & Currency"
    },
    {
        "categoryId": 11,
        "categoryName": "Industrial Equipment"
    },
    {
        "categoryId": 12,
        "categoryName": "Machinery"
    },
    {
        "categoryId": 13,
        "categoryName": "Agricultural Equipment"
    },
    {
        "categoryId": 14,
        "categoryName": "Scrap & Salvage"
    },
    {
        "categoryId": 15,
        "categoryName": "IT Hardware"
    },
    {
        "categoryId": 16,
        "categoryName": "Office Equipment"
    },
    {
        "categoryId": 17,
        "categoryName": "Construction Materials"
    },
    {
        "categoryId": 18,
        "categoryName": "Home Appliances"
    },
    {
        "categoryId": 19,
        "categoryName": "Fashion & Accessories"
    },
    {
        "categoryId": 20,
        "categoryName": "Luxury Goods"
    },
    {
        "categoryId": 21,
        "categoryName": "Sports Memorabilia"
    },
    {
        "categoryId": 22,
        "categoryName": "Musical Instruments"
    },
    {
        "categoryId": 23,
        "categoryName": "Automobile Parts"
    },
    {
        "categoryId": 24,
        "categoryName": "Mobile Phones"
    },
    {
        "categoryId": 25,
        "categoryName": "Government Surplus"
    },
    {
        "categoryId": 26,
        "categoryName": "Bank Repossessed Assets"
    },
    {
        "categoryId": 27,
        "categoryName": "Foreclosed Properties"
    },
    {
        "categoryId": 28,
        "categoryName": "Fine Wines & Spirits"
    },
    {
        "categoryId": 29,
        "categoryName": "Livestock"
    },
    {
        "categoryId": 30,
        "categoryName": "Others"
    }
]
[CATEGORIES] Status: 200
[CATEGORIES] Body  : [{"categoryId":1,"categoryName":"Electronics"},{"categoryId":2,"categoryName":"Antiques"},{"categoryId":3,"categoryName":"Art"},{"categoryId":4,"categoryName":"Vehicles"},{"categoryId":5,"categoryName":"Real Estate"},{"categoryId":6,"categoryName":"Jewelry"},{"categoryId":7,"categoryName":"Watches"},{"categoryId":8,"categoryName":"Furniture"},{"categoryId":9,"categoryName":"Books & Manuscripts"},{"categoryId":10,"categoryName":"Coins & Currency"},{"categoryId":11,"categoryName":"Industrial Equipment"},{"categoryId":12,"categoryName":"Machinery"},{"categoryId":13,"categoryName":"Agricultural Equipment"},{"categoryId":14,"categoryName":"Scrap & Salvage"},{"categoryId":15,"categoryName":"IT Hardware"},{"categoryId":16,"categoryName":"Office Equipment"},{"categoryId":17,"categoryName":"Construction Materials"},{"categoryId":18,"categoryName":"Home Appliances"},{"categoryId":19,"categoryName":"Fashion & Accessories"},{"categoryId":20,"categoryName":"Luxury Goods"},{"categoryId":21,"categoryName":"Sports Memorabilia"},{"categoryId":22,"categoryName":"Musical Instruments"},{"categoryId":23,"categoryName":"Automobile Parts"},{"categoryId":24,"categoryName":"Mobile Phones"},{"categoryId":25,"categoryName":"Government Surplus"},{"categoryId":26,"categoryName":"Bank Repossessed Assets"},{"categoryId":27,"categoryName":"Foreclosed Properties"},{"categoryId":28,"categoryName":"Fine Wines & Spirits"},{"categoryId":29,"categoryName":"Livestock"},{"categoryId":30,"categoryName":"Others"}]
]]></system-out>
  </testcase>
  <testcase name="getCategories_withoutToken_shouldBeRejected" classname="com.auctionsabha.tests.ProductTest" time="0.454">
    <system-out><![CDATA[Request method:	GET
Request URI:	https://auction-sabha-api.onrender.com/api/products/categories
Proxy:			<none>
Request params:	<none>
Query params:	<none>
Form params:	<none>
Path params:	<none>
Headers:		Accept=application/json, application/javascript, text/javascript, text/json
				Content-Type=application/json
Cookies:		<none>
Multiparts:		<none>
Body:			<none>
HTTP/1.1 403 Forbidden
Date: Thu, 07 May 2026 07:45:34 GMT
Content-Length: 0
Connection: keep-alive
Cache-Control: no-cache, no-store, max-age=0, must-revalidate
expires: 0
pragma: no-cache
rndr-id: 6d492921-9009-4319
Server: cloudflare
strict-transport-security: max-age=31536000 ; includeSubDomains
vary: Origin
vary: Access-Control-Request-Method
vary: Access-Control-Request-Headers
x-content-type-options: nosniff
x-frame-options: DENY
x-render-origin-server: Render
x-xss-protection: 0
cf-cache-status: DYNAMIC
CF-RAY: 9f7e9b1d185941be-MAA
alt-svc: h3=":443"; ma=86400
[CATEGORIES NO TOKEN] Status: 403
]]></system-out>
  </testcase>
  <testcase name="getAllProducts_shouldReturn200" classname="com.auctionsabha.tests.ProductTest" time="2.269">
    <system-out><![CDATA[Request method:	GET
Request URI:	https://auction-sabha-api.onrender.com/api/products/all
Proxy:			<none>
Request params:	<none>
Query params:	<none>
Form params:	<none>
Path params:	<none>
Headers:		Accept=application/json, application/javascript, text/javascript, text/json
				Authorization=Bearer eyJhbGciOiJIUzI1NiJ9.eyJzdWIiOiJhZG1pbl9zYWJoYUBleGFtcGxlLmNvbSIsInJvbGUiOiJBRE1JTiIsImlhdCI6MTc3ODEzOTg3NiwiZXhwIjoxNzc4MTQzNDc2fQ.qBboRcmyFxAi0x-RZIhXlrFoeHK6z7KtM-7p6XPT5y0
				Content-Type=application/json
Cookies:		<none>
Multiparts:		<none>
Body:			<none>
HTTP/1.1 200 OK
Date: Thu, 07 May 2026 07:45:36 GMT
Content-Type: application/json
Transfer-Encoding: chunked
Connection: keep-alive
Cache-Control: no-cache, no-store, max-age=0, must-revalidate
expires: 0
pragma: no-cache
rndr-id: d51bcfa0-81c4-4924
Server: cloudflare
strict-transport-security: max-age=31536000 ; includeSubDomains
vary: Origin
vary: Access-Control-Request-Method
vary: Access-Control-Request-Headers
vary: Accept-Encoding
x-content-type-options: nosniff
x-frame-options: DENY
x-render-origin-server: Render
x-xss-protection: 0
cf-cache-status: DYNAMIC
Content-Encoding: gzip
CF-RAY: 9f7e9b1fc9b641be-MAA
alt-svc: h3=":443"; ma=86400

[
    {
        "productId": 110,
        "seller": {
            "userId": 20,
            "name": "Sabha Seller Updated",
            "email": "seller_sabha@example.com",
            "phone": "9111111111",
            "role": "SELLER",
            "age": null,
            "place": null,
            "about": null
        },
        "category": {
            "categoryId": 1,
            "categoryName": "Electronics"
        },
        "productName": "Vintage Gold Watch 1778139860693",
        "description": "A beautiful vintage timepiece from the 1960s.",
        "imageUrl": "https://example.com/images/watch.jpg",
        "documentsUrl": "https://example.com/docs/watch_cert.pdf",
        "startingPrice": 5000.0,
        "verificationStatus": "APPROVED",
        "adminRemarks": "Unauthorized attempt",
        "submittedAt": "2026-05-07T07:44:23.04342",
        "preferredDate": "2025-12-31",
        "preferredSlot": 0
    },
    {
        "productId": 109,
        "seller": {
            "userId": 20,
            "name": "Sabha Seller Updated",
            "email": "seller_sabha@example.com",
            "phone": "9111111111",
            "role": "SELLER",
            "age": null,
            "place": null,
            "about": null
        },
        "category": {
            "categoryId": 1,
            "categoryName": "Electronics"
        },
        "productName": "Vintage Gold Watch 1778139757834",
        "description": "A beautiful vintage timepiece from the 1960s.",
        "imageUrl": "https://example.com/images/watch.jpg",
        "documentsUrl": "https://example.com/docs/watch_cert.pdf",
        "startingPrice": 5000.0,
        "verificationStatus": "APPROVED",
        "adminRemarks": "Unauthorized attempt",
        "submittedAt": "2026-05-07T07:42:40.352291",
        "preferredDate": "2025-12-31",
        "preferredSlot": 0
    },
    {
        "productId": 108,
        "seller": {
            "userId": 20,
            "name": "Sabha Seller Updated",
            "email": "seller_sabha@example.com",
            "phone": "9111111111",
            "role": "SELLER",
            "age": null,
            "place": null,
            "about": null
        },
        "category": {
            "categoryId": 1,
            "categoryName": "Electronics"
        },
        "productName": "Vintage Gold Watch 1778137223799",
        "description": "A beautiful vintage timepiece from the 1960s.",
        "imageUrl": "https://example.com/images/watch.jpg",
        "documentsUrl": "https://example.com/docs/watch_cert.pdf",
        "startingPrice": 5000.0,
        "verificationStatus": "APPROVED",
        "adminRemarks": "Unauthorized attempt",
        "submittedAt": "2026-05-07T07:00:26.123368",
        "preferredDate": "2025-12-31",
        "preferredSlot": 0
    },
    {
        "productId": 107,
        "seller": {
            "userId": 20,
            "name": "Sabha Seller Updated",
            "email": "seller_sabha@example.com",
            "phone": "9111111111",
            "role": "SELLER",
            "age": null,
            "place": null,
            "about": null
        },
        "category": {
            "categoryId": 1,
            "categoryName": "Electronics"
        },
        "productName": "Vintage Gold Watch 1778128241045",
        "description": "A beautiful vintage timepiece from the 1960s.",
        "imageUrl": "https://example.com/images/watch.jpg",
        "documentsUrl": "https://example.com/docs/watch_cert.pdf",
        "startingPrice": 5000.0,
        "verificationStatus": "APPROVED",
        "adminRemarks": "Unauthorized attempt",
        "submittedAt": "2026-05-07T04:30:43.339562",
        "preferredDate": "2025-12-31",
        "preferredSlot": 0
    },
    {
        "productId": 106,
        "seller": {
            "userId": 20,
            "name": "Sabha Seller Updated",
            "email": "seller_sabha@example.com",
            "phone": "9111111111",
            "role": "SELLER",
            "age": null,
            "place": null,
            "about": null
        },
        "category": {
            "categoryId": 1,
            "categoryName": "Electronics"
        },
        "productName": "Vintage Gold Watch 1778127921673",
        "description": "A beautiful vintage timepiece from the 1960s.",
        "imageUrl": "https://example.com/images/watch.jpg",
        "documentsUrl": "https://example.com/docs/watch_cert.pdf",
        "startingPrice": 5000.0,
        "verificationStatus": "APPROVED",
        "adminRemarks": "Unauthorized attempt",
        "submittedAt": "2026-05-07T04:25:23.78429",
        "preferredDate": "2025-12-31",
        "preferredSlot": 0
    },
    {
        "productId": 105,
        "seller": {
            "userId": 20,
            "name": "Sabha Seller Updated",
            "email": "seller_sabha@example.com",
            "phone": "9111111111",
            "role": "SELLER",
            "age": null,
            "place": null,
            "about": null
        },
        "category": {
            "categoryId": 1,
            "categoryName": "Electronics"
        },
        "productName": "Vintage Gold Watch 1778127714949",
        "description": "A beautiful vintage timepiece from the 1960s.",
        "imageUrl": "https://example.com/images/watch.jpg",
        "documentsUrl": "https://example.com/docs/watch_cert.pdf",
        "startingPrice": 5000.0,
        "verificationStatus": "APPROVED",
        "adminRemarks": "Unauthorized attempt",
        "submittedAt": "2026-05-07T04:21:57.410136",
        "preferredDate": "2025-12-31",
        "preferredSlot": 0
    },
    {
        "productId": 103,
        "seller": {
            "userId": 14,
            "name": "samridhan",
            "email": "sam@seller.com",
            "phone": "9843975527",
            "role": "SELLER",
            "age": null,
            "place": null,
            "about": null
        },
        "category": {
            "categoryId": 1,
            "categoryName": "Electronics"
        },
        "productName": "airpods",
        "description": "One plus nodbuds 3r",
        "imageUrl": "https://www.bing.com/images",
        "documentsUrl": null,
        "startingPrice": 1800.0,
        "verificationStatus": "APPROVED",
        "adminRemarks": "Approved",
        "submittedAt": "2026-04-27T20:53:46.492209",
        "preferredDate": null,
        "preferredSlot": 0
    },
    {
        "productId": 102,
        "seller": {
            "userId": 14,
            "name": "samridhan",
            "email": "sam@seller.com",
            "phone": "9843975527",
            "role": "SELLER",
            "age": null,
            "place": null,
            "about": null
        },
        "category": {
            "categoryId": 7,
            "categoryName": "Watches"
        },
        "productName": "watch",
        "description": "It is a black colored Titan Watch.",
        "imageUrl": "https://img.freepik.com/free-vector/smart-watch-realistic-image-black_1284-11873.jpg?semt=ais_hybrid&w=740&q=80",
        "documentsUrl": null,
        "startingPrice": 2500.0,
        "verificationStatus": "APPROVED",
        "adminRemarks": "Approved",
        "submittedAt": "2026-04-27T13:40:19.72137",
        "preferredDate": null,
        "preferredSlot": 0
    },
    {
        "productId": 101,
        "seller": {
            "userId": 1,
            "name": "Samridhan",
            "email": "sam@test.com",
            "phone": "9876543210",
            "role": "BIDDER",
            "age": null,
            "place": null,
            "about": null
        },
        "category": {
            "categoryId": 1,
            "categoryName": "Electronics"
        },
        "productName": "MacBook Pro M3",
        "description": "Brand new testing unit",
        "imageUrl": "https://placehold.co/600x400",
        "documentsUrl": null,
        "startingPrice": 50000.0,
        "verificationStatus": "APPROVED",
        "adminRemarks": null,
        "submittedAt": "2026-04-27T12:06:59",
        "preferredDate": null,
        "preferredSlot": 0
    },
    {
        "productId": 2,
        "seller": {
            "userId": 2,
            "name": "Shifani",
            "email": "shifani@test.com",
            "phone": "98765432523",
            "role": "BIDDER",
            "age": null,
            "place": null,
            "about": null
        },
        "category": {
            "categoryId": 1,
            "categoryName": "Electronics"
        },
        "productName": "Antique Watch",
        "description": "1950s Vintage Rolex",
        "imageUrl": "http://image.com/watch.jpg",
        "documentsUrl": null,
        "startingPrice": 50000.0,
        "verificationStatus": "APPROVED",
        "adminRemarks": "Approved",
        "submittedAt": "2026-04-02T14:14:00.272434",
        "preferredDate": null,
        "preferredSlot": 0
    }
]
[ALL PRODUCTS] Status: 200
[ALL PRODUCTS] Body  : [{"productId":110,"seller":{"userId":20,"name":"Sabha Seller Updated","email":"seller_sabha@example.com","phone":"9111111111","role":"SELLER","age":null,"place":null,"about":null},"category":{"categoryId":1,"categoryName":"Electronics"},"productName":"Vintage Gold Watch 1778139860693","description":"A beautiful vintage timepiece from the 1960s.","imageUrl":"https://example.com/images/watch.jpg","documentsUrl":"https://example.com/docs/watch_cert.pdf","startingPrice":5000.0,"verificationStatus":"
]]></system-out>
  </testcase>
  <testcase name="getProductsByCategory_shouldReturn200" classname="com.auctionsabha.tests.ProductTest" time="1.814">
    <system-out><![CDATA[Request method:	GET
Request URI:	https://auction-sabha-api.onrender.com/api/products/category/1
Proxy:			<none>
Request params:	<none>
Query params:	<none>
Form params:	<none>
Path params:	<none>
Headers:		Accept=application/json, application/javascript, text/javascript, text/json
				Authorization=Bearer eyJhbGciOiJIUzI1NiJ9.eyJzdWIiOiJidXllcl9zYWJoYUBleGFtcGxlLmNvbSIsInJvbGUiOiJCVVlFUiIsImlhdCI6MTc3ODEzOTg4MSwiZXhwIjoxNzc4MTQzNDgxfQ.H5NPmClCZJb4MSFMyW1O-YLPtKsDy4a2abC3VIIUvb4
				Content-Type=application/json
Cookies:		<none>
Multiparts:		<none>
Body:			<none>
HTTP/1.1 200 OK
Date: Thu, 07 May 2026 07:45:38 GMT
Content-Type: application/json
Transfer-Encoding: chunked
Connection: keep-alive
Cache-Control: no-cache, no-store, max-age=0, must-revalidate
cf-cache-status: DYNAMIC
expires: 0
pragma: no-cache
rndr-id: f6affa86-9b08-4791
Server: cloudflare
strict-transport-security: max-age=31536000 ; includeSubDomains
vary: Origin
vary: Access-Control-Request-Method
vary: Access-Control-Request-Headers
vary: Accept-Encoding
x-content-type-options: nosniff
x-frame-options: DENY
x-render-origin-server: Render
x-xss-protection: 0
Content-Encoding: gzip
CF-RAY: 9f7e9b2e48b841be-MAA
alt-svc: h3=":443"; ma=86400

[
    {
        "productId": 2,
        "seller": {
            "userId": 2,
            "name": "Shifani",
            "email": "shifani@test.com",
            "phone": "98765432523",
            "role": "BIDDER",
            "age": null,
            "place": null,
            "about": null
        },
        "category": {
            "categoryId": 1,
            "categoryName": "Electronics"
        },
        "productName": "Antique Watch",
        "description": "1950s Vintage Rolex",
        "imageUrl": "http://image.com/watch.jpg",
        "documentsUrl": null,
        "startingPrice": 50000.0,
        "verificationStatus": "APPROVED",
        "adminRemarks": "Approved",
        "submittedAt": "2026-04-02T14:14:00.272434",
        "preferredDate": null,
        "preferredSlot": 0
    },
    {
        "productId": 101,
        "seller": {
            "userId": 1,
            "name": "Samridhan",
            "email": "sam@test.com",
            "phone": "9876543210",
            "role": "BIDDER",
            "age": null,
            "place": null,
            "about": null
        },
        "category": {
            "categoryId": 1,
            "categoryName": "Electronics"
        },
        "productName": "MacBook Pro M3",
        "description": "Brand new testing unit",
        "imageUrl": "https://placehold.co/600x400",
        "documentsUrl": null,
        "startingPrice": 50000.0,
        "verificationStatus": "APPROVED",
        "adminRemarks": null,
        "submittedAt": "2026-04-27T12:06:59",
        "preferredDate": null,
        "preferredSlot": 0
    },
    {
        "productId": 103,
        "seller": {
            "userId": 14,
            "name": "samridhan",
            "email": "sam@seller.com",
            "phone": "9843975527",
            "role": "SELLER",
            "age": null,
            "place": null,
            "about": null
        },
        "category": {
            "categoryId": 1,
            "categoryName": "Electronics"
        },
        "productName": "airpods",
        "description": "One plus nodbuds 3r",
        "imageUrl": "https://www.bing.com/images",
        "documentsUrl": null,
        "startingPrice": 1800.0,
        "verificationStatus": "APPROVED",
        "adminRemarks": "Approved",
        "submittedAt": "2026-04-27T20:53:46.492209",
        "preferredDate": null,
        "preferredSlot": 0
    },
    {
        "productId": 105,
        "seller": {
            "userId": 20,
            "name": "Sabha Seller Updated",
            "email": "seller_sabha@example.com",
            "phone": "9111111111",
            "role": "SELLER",
            "age": null,
            "place": null,
            "about": null
        },
        "category": {
            "categoryId": 1,
            "categoryName": "Electronics"
        },
        "productName": "Vintage Gold Watch 1778127714949",
        "description": "A beautiful vintage timepiece from the 1960s.",
        "imageUrl": "https://example.com/images/watch.jpg",
        "documentsUrl": "https://example.com/docs/watch_cert.pdf",
        "startingPrice": 5000.0,
        "verificationStatus": "APPROVED",
        "adminRemarks": "Unauthorized attempt",
        "submittedAt": "2026-05-07T04:21:57.410136",
        "preferredDate": "2025-12-31",
        "preferredSlot": 0
    },
    {
        "productId": 106,
        "seller": {
            "userId": 20,
            "name": "Sabha Seller Updated",
            "email": "seller_sabha@example.com",
            "phone": "9111111111",
            "role": "SELLER",
            "age": null,
            "place": null,
            "about": null
        },
        "category": {
            "categoryId": 1,
            "categoryName": "Electronics"
        },
        "productName": "Vintage Gold Watch 1778127921673",
        "description": "A beautiful vintage timepiece from the 1960s.",
        "imageUrl": "https://example.com/images/watch.jpg",
        "documentsUrl": "https://example.com/docs/watch_cert.pdf",
        "startingPrice": 5000.0,
        "verificationStatus": "APPROVED",
[...]
CF-RAY: 9f7e9d204c9641be-MAA
alt-svc: h3=":443"; ma=86400
[ALL VERIFIER APPS NO TOKEN] Status: 403
]]></system-out>
  </testcase>
  <testcase name="getPendingVerifierApplications_asAdmin_shouldReturn200" classname="com.auctionsabha.tests.VerifierApplicationTest" time="0.831">
    <system-out><![CDATA[Request method:	GET
Request URI:	https://auction-sabha-api.onrender.com/api/verifier-applications/pending
Proxy:			<none>
Request params:	<none>
Query params:	<none>
Form params:	<none>
Path params:	<none>
Headers:		Accept=application/json, application/javascript, text/javascript, text/json
				Authorization=Bearer eyJhbGciOiJIUzI1NiJ9.eyJzdWIiOiJhZG1pbl9zYWJoYUBleGFtcGxlLmNvbSIsInJvbGUiOiJBRE1JTiIsImlhdCI6MTc3ODEzOTg3NiwiZXhwIjoxNzc4MTQzNDc2fQ.qBboRcmyFxAi0x-RZIhXlrFoeHK6z7KtM-7p6XPT5y0
				Content-Type=application/json
Cookies:		<none>
Multiparts:		<none>
Body:			<none>
HTTP/1.1 200 OK
Date: Thu, 07 May 2026 07:46:57 GMT
Content-Type: application/json
Transfer-Encoding: chunked
Connection: keep-alive
Cache-Control: no-cache, no-store, max-age=0, must-revalidate
expires: 0
pragma: no-cache
rndr-id: 9f847ab2-0539-4a44
Server: cloudflare
strict-transport-security: max-age=31536000 ; includeSubDomains
vary: Origin
vary: Access-Control-Request-Method
vary: Access-Control-Request-Headers
vary: Accept-Encoding
x-content-type-options: nosniff
x-frame-options: DENY
x-render-origin-server: Render
x-xss-protection: 0
cf-cache-status: DYNAMIC
Content-Encoding: gzip
CF-RAY: 9f7e9d223be241be-MAA
alt-svc: h3=":443"; ma=86400

[
    {
        "applicationId": 16,
        "name": "New Verifier 1778140012809",
        "email": "new_verifier_1778140012809@example.com",
        "phone": "9555513023",
        "age": 0,
        "qualification": "Certified Gemologist",
        "experienceYears": 0,
        "domainsInterested": null,
        "motivation": null,
        "portfolioUrl": null,
        "status": "PENDING",
        "adminRemarks": null,
        "submittedAt": "2026-05-07T07:46:52.792328"
    },
    {
        "applicationId": 15,
        "name": "Reject Test Verifier 1778139937353",
        "email": "reject_verifier_1778139937353@example.com",
        "phone": "966623292",
        "age": 0,
        "qualification": "Apprentice Appraiser",
        "experienceYears": 0,
        "domainsInterested": null,
        "motivation": null,
        "portfolioUrl": null,
        "status": "PENDING",
        "adminRemarks": null,
        "submittedAt": "2026-05-07T07:45:37.29579"
    },
    {
        "applicationId": 14,
        "name": "New Verifier 1778139928796",
        "email": "new_verifier_1778139928796@example.com",
        "phone": "9555452280",
        "age": 0,
        "qualification": "Certified Gemologist",
        "experienceYears": 0,
        "domainsInterested": null,
        "motivation": null,
        "portfolioUrl": null,
        "status": "PENDING",
        "adminRemarks": null,
        "submittedAt": "2026-05-07T07:45:28.788109"
    },
    {
        "applicationId": 13,
        "name": "Reject Test Verifier 1778139835539",
        "email": "reject_verifier_1778139835539@example.com",
        "phone": "96661579",
        "age": 0,
        "qualification": "Apprentice Appraiser",
        "experienceYears": 0,
        "domainsInterested": null,
        "motivation": null,
        "portfolioUrl": null,
        "status": "PENDING",
        "adminRemarks": null,
        "submittedAt": "2026-05-07T07:43:55.258849"
    },
    {
        "applicationId": 12,
        "name": "New Verifier 1778139826185",
        "email": "new_verifier_1778139826185@example.com",
        "phone": "9555582858",
        "age": 0,
        "qualification": "Certified Gemologist",
        "experienceYears": 0,
        "domainsInterested": null,
        "motivation": null,
        "portfolioUrl": null,
        "status": "PENDING",
        "adminRemarks": null,
        "submittedAt": "2026-05-07T07:43:46.222998"
    },
    {
        "applicationId": 11,
        "name": "Reject Test Verifier 1778137295650",
        "email": "reject_verifier_1778137295650@example.com",
        "phone": "966671265",
        "age": 0,
        "qualification": "Apprentice Appraiser",
        "experienceYears": 0,
        "domainsInterested": null,
        "motivation": null,
        "portfolioUrl": null,
        "status": "PENDING",
        "adminRemarks": null,
        "submittedAt": "2026-05-07T07:01:35.690321"
    },
    {
        "applicationId": 10,
        "name": "New Verifier 1778137287464",
        "email": "new_verifier_1778137287464@example.com",
        "phone": "9555705554",
        "age": 0,
        "qualification": "Certified Gemologist",
        "experienceYears": 0,
        "domainsInterested": null,
        "motivation": null,
        "portfolioUrl": null,
        "status": "PENDING",
        "adminRemarks": null,
        "submittedAt": "2026-05-07T07:01:27.378069"
    },
    {
        "applicationId": 9,
        "name": "Reject Test Verifier 1778128313602",
        "email": "reject_verifier_1778128313602@example.com",
        "phone": "966690760",
        "age": 0,
        "qualification": "Apprentice Appraiser",
        "experienceYears": 0,
        "domainsInterested": null,
        "motivation": null,
        "portfolioUrl": null,
        "status": "PENDING",
        "adminRemarks": null,
        "submittedAt": "2026-05-07T04:31:53.187405"
    },
    {
        "applicationId": 8,
        "name": "New Verifier 1778128305018",
        "email": "new_verifier_1778128305018@example.com",
        "phone": "9555628654",
        "age": 0,
        "qualification": "Certified Gemologist",
        "experienceYears": 0,
        "domainsInterested": null,
        "motivation": null,
        "portfolioUrl": null,
        "status": "PENDING",
        "adminRemarks": null,
        "submittedAt": "2026-05-07T04:31:45.040697"
    },
    {
        "applicationId": 7,
        "name": "Reject Test Verifier 1778127997970",
        "email": "reject_verifier_1778127997970@example.com",
        "phone": "966637430",
        "age": 0,
        "qualification": "Apprentice Appraiser",
        "experienceYears": 0,
        "domainsInterested": null,
        "motivation": null,
        "portfolioUrl": null,
        "status": "PENDING",
        "adminRemarks": null,
        "submittedAt": "2026-05-07T04:26:37.60237"
    },
    {
        "applicationId": 6,
        "name": "New Verifier 1778127989338",
        "email": "new_verifier_1778127989338@example.com",
        "phone": "9555314947",
        "age": 0,
        "qualification": "Certified Gemologist",
        "experienceYears": 0,
        "domainsInterested": null,
        "motivation": null,
        "portfolioUrl": null,
        "status": "PENDING",
        "adminRemarks": null,
        "submittedAt": "2026-05-07T04:26:29.17884"
    },
    {
        "applicationId": 5,
        "name": "Reject Test Verifier 1778127792444",
        "email": "reject_verifier_1778127792444@example.com",
        "phone": "966692520",
        "age": 0,
        "qualification": "Apprentice Appraiser",
        "experienceYears": 0,
        "domainsInterested": null,
        "motivation": null,
        "portfolioUrl": null,
        "status": "PENDING",
        "adminRemarks": null,
        "submittedAt": "2026-05-07T04:23:12.469045"
    },
    {
        "applicationId": 4,
        "name": "Incomplete App",
        "email": null,
        "phone": null,
        "age": 0,
        "qualification": null,
        "experienceYears": 0,
        "domainsInterested": null,
        "motivation": null,
        "portfolioUrl": null,
        "status": "PENDING",
        "adminRemarks": null,
        "submittedAt": "2026-05-07T04:23:05.120031"
    },
    {
        "applicationId": 3,
        "name": "New Verifier 1778127782756",
        "email": "new_verifier_1778127782756@example.com",
        "phone": "9555312535",
        "age": 0,
        "qualification": "Certified Gemologist",
        "experienceYears": 0,
        "domainsInterested": null,
        "motivation": null,
        "portfolioUrl": null,
        "status": "PENDING",
        "adminRemarks": null,
        "submittedAt": "2026-05-07T04:23:02.628698"
    },
    {
        "applicationId": 2,
        "name": "Sabha Verifier",
        "email": "verifier_sabha@example.com",
        "phone": "9000000004",
        "age": 0,
        "qualification": "Certified Appraiser",
        "experienceYears": 0,
        "domainsInterested": null,
        "motivation": null,
        "portfolioUrl": null,
        "status": "PENDING",
        "adminRemarks": null,
        "submittedAt": "2026-05-07T04:14:58.843475"
    }
]
[PENDING VERIFIER APPS] Status: 200
[PENDING VERIFIER APPS] Body  : [{"applicationId":16,"name":"New Verifier 1778140012809","email":"new_verifier_1778140012809@example.com","phone":"9555513023","age":0,"qualification":"Certified Gemologist","experienceYears":0,"domainsInterested":null,"motivation":null,"portfolioUrl":null,"status":"PENDING","adminRemarks":null,"submittedAt":"2026-05-07T07:46:52.792328"},{"applicationId":15,"name":"Reject Test Verifier 1778139937353","email":"reject_verifier_1778139937353@example.com","phone":"966623292","age":0,"qualification":
]]></system-out>
  </testcase>
  <testcase name="getPendingVerifierApplications_asSeller_shouldBeForbidden" classname="com.auctionsabha.tests.VerifierApplicationTest" time="0.316">
    <system-out><![CDATA[Request method:	GET
Request URI:	https://auction-sabha-api.onrender.com/api/verifier-applications/pending
Proxy:			<none>
Request params:	<none>
Query params:	<none>
Form params:	<none>
Path params:	<none>
Headers:		Accept=application/json, application/javascript, text/javascript, text/json
				Authorization=Bearer eyJhbGciOiJIUzI1NiJ9.eyJzdWIiOiJzZWxsZXJfc2FiaGFAZXhhbXBsZS5jb20iLCJyb2xlIjoiU0VMTEVSIiwiaWF0IjoxNzc4MTM5ODgwLCJleHAiOjE3NzgxNDM0ODB9.a31hm_8cR6Y4BnXrzicbBNPXf1s2E4n1KfVDcyYRuLk
				Content-Type=application/json
Cookies:		<none>
Multiparts:		<none>
Body:			<none>
HTTP/1.1 403 Forbidden
Date: Thu, 07 May 2026 07:46:58 GMT
Content-Length: 0
Connection: keep-alive
Cache-Control: no-cache, no-store, max-age=0, must-revalidate
expires: 0
pragma: no-cache
rndr-id: d7881c68-f792-4b54
Server: cloudflare
strict-transport-security: max-age=31536000 ; includeSubDomains
vary: Origin
vary: Access-Control-Request-Method
vary: Access-Control-Request-Headers
x-content-type-options: nosniff
x-frame-options: DENY
x-render-origin-server: Render
x-xss-protection: 0
cf-cache-status: DYNAMIC
CF-RAY: 9f7e9d275c6441be-MAA
alt-svc: h3=":443"; ma=86400
[PENDING VERIFIER APPS AS SELLER] Status: 403
]]></system-out>
  </testcase>
  <testcase name="approveVerifierApplication_asAdmin_shouldReturn200WithTempPassword" classname="com.auctionsabha.tests.VerifierApplicationTest" time="0.0">
    <system-out><![CDATA[[APPROVE] No app id — skipping.
]]></system-out>
  </testcase>
  <testcase name="approveVerifierApplication_asBuyer_shouldBeForbidden" classname="com.auctionsabha.tests.VerifierApplicationTest" time="0.309">
    <system-out><![CDATA[[APPROVE AS BUYER] No app id — using 1.
Request method:	PUT
Request URI:	https://auction-sabha-api.onrender.com/api/verifier-applications/1/approve?remarks=Unauthorized%20attempt
Proxy:			<none>
Request params:	<none>
Query params:	remarks=Unauthorized attempt
Form params:	<none>
Path params:	<none>
Headers:		Accept=application/json, application/javascript, text/javascript, text/json
				Authorization=Bearer eyJhbGciOiJIUzI1NiJ9.eyJzdWIiOiJidXllcl9zYWJoYUBleGFtcGxlLmNvbSIsInJvbGUiOiJCVVlFUiIsImlhdCI6MTc3ODEzOTg4MSwiZXhwIjoxNzc4MTQzNDgxfQ.H5NPmClCZJb4MSFMyW1O-YLPtKsDy4a2abC3VIIUvb4
				Content-Type=application/json
Cookies:		<none>
Multiparts:		<none>
Body:			<none>
HTTP/1.1 403 Forbidden
Date: Thu, 07 May 2026 07:46:58 GMT
Content-Length: 0
Connection: keep-alive
Cache-Control: no-cache, no-store, max-age=0, must-revalidate
expires: 0
pragma: no-cache
rndr-id: 6af2a6a4-0cf9-49a1
Server: cloudflare
strict-transport-security: max-age=31536000 ; includeSubDomains
vary: Origin
vary: Access-Control-Request-Method
vary: Access-Control-Request-Headers
x-content-type-options: nosniff
x-frame-options: DENY
x-render-origin-server: Render
x-xss-protection: 0
cf-cache-status: DYNAMIC
CF-RAY: 9f7e9d297ab241be-MAA
alt-svc: h3=":443"; ma=86400
[APPROVE AS BUYER] Status: 403
]]></system-out>
  </testcase>
  <testcase name="approveNonExistentApplication_shouldReturn404" classname="com.auctionsabha.tests.VerifierApplicationTest" time="2.048">
    <system-out><![CDATA[Request method:	PUT
Request URI:	https://auction-sabha-api.onrender.com/api/verifier-applications/999999/approve?remarks=Test%20remark
Proxy:			<none>
Request params:	<none>
Query params:	remarks=Test remark
Form params:	<none>
Path params:	<none>
Headers:		Accept=application/json, application/javascript, text/javascript, text/json
				Authorization=Bearer eyJhbGciOiJIUzI1NiJ9.eyJzdWIiOiJhZG1pbl9zYWJoYUBleGFtcGxlLmNvbSIsInJvbGUiOiJBRE1JTiIsImlhdCI6MTc3ODEzOTg3NiwiZXhwIjoxNzc4MTQzNDc2fQ.qBboRcmyFxAi0x-RZIhXlrFoeHK6z7KtM-7p6XPT5y0
				Content-Type=application/json
Cookies:		<none>
Multiparts:		<none>
Body:			<none>
HTTP/1.1 400 Bad Request
Date: Thu, 07 May 2026 07:47:00 GMT
Content-Type: application/json
Transfer-Encoding: chunked
Connection: keep-alive
Cache-Control: no-cache, no-store, max-age=0, must-revalidate
expires: 0
pragma: no-cache
rndr-id: 8d6dde82-0b9d-48af
Server: cloudflare
strict-transport-security: max-age=31536000 ; includeSubDomains
vary: Origin
vary: Access-Control-Request-Method
vary: Access-Control-Request-Headers
vary: Accept-Encoding
x-content-type-options: nosniff
x-frame-options: DENY
x-render-origin-server: Render
x-xss-protection: 0
cf-cache-status: DYNAMIC
CF-RAY: 9f7e9d2b890941be-MAA
alt-svc: h3=":443"; ma=86400

Application not found
[APPROVE 999999] Status: 400
]]></system-out>
  </testcase>
  <testcase name="rejectVerifierApplication_asAdmin_shouldReturn200" classname="com.auctionsabha.tests.VerifierApplicationTest" time="3.68">
    <system-out><![CDATA[Request method:	POST
Request URI:	https://auction-sabha-api.onrender.com/api/verifier-applications
Proxy:			<none>
Request params:	<none>
Query params:	<none>
Form params:	<none>
Path params:	<none>
Headers:		Accept=application/json, application/javascript, text/javascript, text/json
				Content-Type=application/json
Cookies:		<none>
Multiparts:		<none>
Body:
{
    "qualification": "Apprentice Appraiser",
    "phone": "966670218",
    "documents": "https://example.com/docs/reject_test.pdf",
    "name": "Reject Test Verifier 1778140021419",
    "experience": "1 month",
    "email": "reject_verifier_1778140021419@example.com"
}
HTTP/1.1 200 OK
Date: Thu, 07 May 2026 07:47:02 GMT
Content-Type: application/json
Transfer-Encoding: chunked
Connection: keep-alive
Cache-Control: no-cache, no-store, max-age=0, must-revalidate
cf-cache-status: DYNAMIC
expires: 0
pragma: no-cache
rndr-id: 8f247339-d093-470b
Server: cloudflare
strict-transport-security: max-age=31536000 ; includeSubDomains
vary: Origin
vary: Access-Control-Request-Method
vary: Access-Control-Request-Headers
vary: Accept-Encoding
x-content-type-options: nosniff
x-frame-options: DENY
x-render-origin-server: Render
x-xss-protection: 0
CF-RAY: 9f7e9d386ec141be-MAA
alt-svc: h3=":443"; ma=86400

Application submitted successfully! ID: 17
[REJECT TEST] Submit status: 200
[REJECT TEST] Could not parse id: Failed to parse the JSON document
[REJECT TEST] No reject-app id — using testApplicationId=1
Request method:	PUT
Request URI:	https://auction-sabha-api.onrender.com/api/verifier-applications/1/reject?remarks=Insufficient%20documentation%20provided.
Proxy:			<none>
Request params:	<none>
Query params:	remarks=Insufficient documentation provided.
Form params:	<none>
Path params:	<none>
Headers:		Accept=application/json, application/javascript, text/javascript, text/json
				Authorization=Bearer eyJhbGciOiJIUzI1NiJ9.eyJzdWIiOiJhZG1pbl9zYWJoYUBleGFtcGxlLmNvbSIsInJvbGUiOiJBRE1JTiIsImlhdCI6MTc3ODEzOTg3NiwiZXhwIjoxNzc4MTQzNDc2fQ.qBboRcmyFxAi0x-RZIhXlrFoeHK6z7KtM-7p6XPT5y0
				Content-Type=application/json
Cookies:		<none>
Multiparts:		<none>
Body:			<none>
HTTP/1.1 400 Bad Request
Date: Thu, 07 May 2026 07:47:04 GMT
Content-Type: application/json
Transfer-Encoding: chunked
Connection: keep-alive
Cache-Control: no-cache, no-store, max-age=0, must-revalidate
cf-cache-status: DYNAMIC
expires: 0
pragma: no-cache
rndr-id: e7af2332-fc80-4255
Server: cloudflare
strict-transport-security: max-age=31536000 ; includeSubDomains
vary: Origin
vary: Access-Control-Request-Method
vary: Access-Control-Request-Headers
vary: Accept-Encoding
x-content-type-options: nosniff
x-frame-options: DENY
x-render-origin-server: Render
x-xss-protection: 0
CF-RAY: 9f7e9d438bf041be-MAA
alt-svc: h3=":443"; ma=86400

Application has already been processed.
[REJECT VERIFIER APP] Status: 400
[REJECT VERIFIER APP] Body  : Application has already been processed.
]]></system-out>
  </testcase>
  <testcase name="rejectVerifierApplication_asBuyer_shouldBeForbidden" classname="com.auctionsabha.tests.VerifierApplicationTest" time="0.383">
    <system-out><![CDATA[Request method:	PUT
Request URI:	https://auction-sabha-api.onrender.com/api/verifier-applications/1/reject?remarks=Unauthorized%20reject%20attempt
Proxy:			<none>
Request params:	<none>
Query params:	remarks=Unauthorized reject attempt
Form params:	<none>
Path params:	<none>
Headers:		Accept=application/json, application/javascript, text/javascript, text/json
				Authorization=Bearer eyJhbGciOiJIUzI1NiJ9.eyJzdWIiOiJidXllcl9zYWJoYUBleGFtcGxlLmNvbSIsInJvbGUiOiJCVVlFUiIsImlhdCI6MTc3ODEzOTg4MSwiZXhwIjoxNzc4MTQzNDgxfQ.H5NPmClCZJb4MSFMyW1O-YLPtKsDy4a2abC3VIIUvb4
				Content-Type=application/json
Cookies:		<none>
Multiparts:		<none>
Body:			<none>
HTTP/1.1 403 Forbidden
Date: Thu, 07 May 2026 07:47:04 GMT
Content-Length: 0
Connection: keep-alive
Cache-Control: no-cache, no-store, max-age=0, must-revalidate
expires: 0
pragma: no-cache
rndr-id: be71467b-0ab9-4c27
Server: cloudflare
strict-transport-security: max-age=31536000 ; includeSubDomains
vary: Origin
vary: Access-Control-Request-Method
vary: Access-Control-Request-Headers
x-content-type-options: nosniff
x-frame-options: DENY
x-render-origin-server: Render
x-xss-protection: 0
cf-cache-status: DYNAMIC
CF-RAY: 9f7e9d4f4aa641be-MAA
alt-svc: h3=":443"; ma=86400
[REJECT AS BUYER] Status: 403
]]></system-out>
  </testcase>
  <testcase name="rejectNonExistentApplication_shouldReturn404" classname="com.auctionsabha.tests.VerifierApplicationTest" time="1.867">
    <system-out><![CDATA[Request method:	PUT
Request URI:	https://auction-sabha-api.onrender.com/api/verifier-applications/999999/reject?remarks=Test%20remark
Proxy:			<none>
Request params:	<none>
Query params:	remarks=Test remark
Form params:	<none>
Path params:	<none>
Headers:		Accept=application/json, application/javascript, text/javascript, text/json
				Authorization=Bearer eyJhbGciOiJIUzI1NiJ9.eyJzdWIiOiJhZG1pbl9zYWJoYUBleGFtcGxlLmNvbSIsInJvbGUiOiJBRE1JTiIsImlhdCI6MTc3ODEzOTg3NiwiZXhwIjoxNzc4MTQzNDc2fQ.qBboRcmyFxAi0x-RZIhXlrFoeHK6z7KtM-7p6XPT5y0
				Content-Type=application/json
Cookies:		<none>
Multiparts:		<none>
Body:			<none>
HTTP/1.1 400 Bad Request
Date: Thu, 07 May 2026 07:47:06 GMT
Content-Type: application/json
Transfer-Encoding: chunked
Connection: keep-alive
Cache-Control: no-cache, no-store, max-age=0, must-revalidate
cf-cache-status: DYNAMIC
expires: 0
pragma: no-cache
rndr-id: 2778a6d9-3e5a-451b
Server: cloudflare
strict-transport-security: max-age=31536000 ; includeSubDomains
vary: Origin
vary: Access-Control-Request-Method
vary: Access-Control-Request-Headers
vary: Accept-Encoding
x-content-type-options: nosniff
x-frame-options: DENY
x-render-origin-server: Render
x-xss-protection: 0
CF-RAY: 9f7e9d519add41be-MAA
alt-svc: h3=":443"; ma=86400

Application not found
[REJECT 999999] Status: 400
]]></system-out>
  </testcase>
</testsuite>