<?xml version="1.0" encoding="UTF-8"?>
<!-- Generated by org.testng.reporters.JUnitXMLReporter -->
<testsuite ignored="0" hostname="LTIN719094" failures="1" tests="10" name="Admin Tests" time="16.713" errors="0" timestamp="2026-05-07T13:16:20 IST">
  <testcase classname="com.auctionsabha.tests.AdminTest" name="getAdminProducts_shouldReturn200" time="2.53"/>
  <testcase classname="com.auctionsabha.tests.AdminTest" name="getAdminProducts_asSeller_shouldBeForbidden" time="0.349"/>
  <testcase classname="com.auctionsabha.tests.AdminTest" name="getAdminProducts_withoutToken_shouldBeRejected" time="0.345"/>
  <testcase classname="com.auctionsabha.tests.AdminTest" name="startAuction_asAdmin_shouldReturn200" time="2.009"/>
  <testcase classname="com.auctionsabha.tests.AdminTest" name="startAuction_asBuyer_shouldBeForbidden" time="1.139"/>
  <testcase classname="com.auctionsabha.tests.AdminTest" name="startAuction_twice_shouldReturn400" time="3.874"/>
  <testcase classname="com.auctionsabha.tests.AdminTest" name="startNonExistentAuction_shouldReturn404" time="2.001"/>
  <testcase classname="com.auctionsabha.tests.AdminTest" name="stopAuction_asAdmin_shouldReturn200" time="2.052">
    <failure type="java.lang.AssertionError" message="Stop auction should return 200 or 400
Expected: (is &amp;lt;200&amp;gt; or is &amp;lt;201&amp;gt; or is &amp;lt;400&amp;gt;)
     but: was &amp;lt;409&amp;gt;">
      <![CDATA[java.lang.AssertionError: Stop auction should return 200 or 400
Expected: (is <200> or is <201> or is <400>)
     but: was <409>
at org.hamcrest.MatcherAssert.assertThat(MatcherAssert.java:20)
at com.auctionsabha.tests.AdminTest.stopAuction_asAdmin_shouldReturn200(AdminTest.java:168)
at java.base/java.util.ArrayList.forEach(ArrayList.java:1596)
... Removed 29 stack frames]]>
    </failure>
  </testcase> <!-- stopAuction_asAdmin_shouldReturn200 -->
  <testcase classname="com.auctionsabha.tests.AdminTest" name="stopAuction_asSeller_shouldBeForbidden" time="0.463"/>
  <testcase classname="com.auctionsabha.tests.AdminTest" name="stopNonExistentAuction_shouldReturn404" time="1.894"/>
</testsuite> <!-- Admin Tests -->
