<?xml version="1.0" encoding="UTF-8"?>
<!-- Generated by org.testng.reporters.JUnitXMLReporter -->
<testsuite ignored="0" hostname="LTIN719094" failures="2" tests="8" name="Auction Tests" time="4.457" errors="0" timestamp="2026-05-07T13:16:03 IST">
  <testcase classname="com.auctionsabha.tests.AuctionTest" name="getAllAuctions_shouldReturn200" time="1.052"/>
  <testcase classname="com.auctionsabha.tests.AuctionTest" name="getAllAuctions_withoutToken_shouldBeRejected" time="0.334"/>
  <testcase classname="com.auctionsabha.tests.AuctionTest" name="getAuctionLeaderboard_shouldReturn200" time="0.838"/>
  <testcase classname="com.auctionsabha.tests.AuctionTest" name="getLeaderboard_nonExistentAuction_shouldReturn404" time="0.837">
    <failure type="java.lang.AssertionError" message="Non-existent auction leaderboard should return 404
Expected: (is &amp;lt;404&amp;gt; or is &amp;lt;400&amp;gt;)
     but: was &amp;lt;200&amp;gt;">
      <![CDATA[java.lang.AssertionError: Non-existent auction leaderboard should return 404
Expected: (is <404> or is <400>)
     but: was <200>
at org.hamcrest.MatcherAssert.assertThat(MatcherAssert.java:20)
at com.auctionsabha.tests.AuctionTest.getLeaderboard_nonExistentAuction_shouldReturn404(AuctionTest.java:111)
at java.base/java.util.ArrayList.forEach(ArrayList.java:1596)
... Removed 29 stack frames]]>
    </failure>
  </testcase> <!-- getLeaderboard_nonExistentAuction_shouldReturn404 -->
  <testcase classname="com.auctionsabha.tests.AuctionTest" name="getLeaderboard_withoutToken_shouldBeRejected" time="0.393"/>
  <testcase classname="com.auctionsabha.tests.AuctionTest" name="getAuctionSlots_specificDate_shouldReturn200" time="0.33"/>
  <testcase classname="com.auctionsabha.tests.AuctionTest" name="getAuctionSlots_futureDate_shouldReturn200" time="0.311"/>
  <testcase classname="com.auctionsabha.tests.AuctionTest" name="getAuctionSlots_withoutDate_shouldReturn400OrDefault" time="0.326">
    <failure type="java.lang.AssertionError" message="Auction slots without date param should return 200 or 400
Expected: (is &amp;lt;200&amp;gt; or is &amp;lt;400&amp;gt;)
     but: was &amp;lt;403&amp;gt;">
      <![CDATA[java.lang.AssertionError: Auction slots without date param should return 200 or 400
Expected: (is <200> or is <400>)
     but: was <403>
at org.hamcrest.MatcherAssert.assertThat(MatcherAssert.java:20)
at com.auctionsabha.tests.AuctionTest.getAuctionSlots_withoutDate_shouldReturn400OrDefault(AuctionTest.java:173)
at java.base/java.util.ArrayList.forEach(ArrayList.java:1596)
... Removed 29 stack frames]]>
    </failure>
  </testcase> <!-- getAuctionSlots_withoutDate_shouldReturn400OrDefault -->
</testsuite> <!-- Auction Tests -->
