<?xml version="1.0" encoding="UTF-8"?>
<!-- Generated by org.testng.reporters.JUnitXMLReporter -->
<testsuite ignored="0" hostname="LTIN719094" failures="3" tests="12" name="Auth Tests" time="44.98" errors="0" timestamp="2026-05-07T13:15:33 IST">
  <testcase classname="com.auctionsabha.tests.AuthTest" name="registerDuplicateEmail_shouldReturn400Or409" time="16.662"/>
  <testcase classname="com.auctionsabha.tests.AuthTest" name="loginWithWrongPassword_shouldReturn401" time="1.079"/>
  <testcase classname="com.auctionsabha.tests.AuthTest" name="loginWithNonExistentEmail_shouldReturn400OrNotFound" time="0.696"/>
  <testcase classname="com.auctionsabha.tests.AuthTest" name="loginWithMissingEmailField_shouldReturn400" time="0.592">
    <failure type="java.lang.AssertionError" message="Login without email should return 400
Expected: (is &amp;lt;400&amp;gt; or is &amp;lt;422&amp;gt;)
     but: was &amp;lt;401&amp;gt;">
      <![CDATA[java.lang.AssertionError: Login without email should return 400
Expected: (is <400> or is <422>)
     but: was <401>
at org.hamcrest.MatcherAssert.assertThat(MatcherAssert.java:20)
at com.auctionsabha.tests.AuthTest.loginWithMissingEmailField_shouldReturn400(AuthTest.java:114)
at java.base/java.util.ArrayList.forEach(ArrayList.java:1596)
... Removed 29 stack frames]]>
    </failure>
  </testcase> <!-- loginWithMissingEmailField_shouldReturn400 -->
  <testcase classname="com.auctionsabha.tests.AuthTest" name="getAdminProfile_shouldReturn200WithUserDetails" time="1.813"/>
  <testcase classname="com.auctionsabha.tests.AuthTest" name="getBuyerProfile_shouldReturn200" time="1.798"/>
  <testcase classname="com.auctionsabha.tests.AuthTest" name="getProfileWithoutToken_shouldReturn401" time="1.772">
    <failure type="java.lang.AssertionError" message="Profile without token should be rejected
Expected: (is &amp;lt;401&amp;gt; or is &amp;lt;403&amp;gt;)
     but: was &amp;lt;200&amp;gt;">
      <![CDATA[java.lang.AssertionError: Profile without token should be rejected
Expected: (is <401> or is <403>)
     but: was <200>
at org.hamcrest.MatcherAssert.assertThat(MatcherAssert.java:20)
at com.auctionsabha.tests.AuthTest.getProfileWithoutToken_shouldReturn401(AuthTest.java:166)
at java.base/java.util.ArrayList.forEach(ArrayList.java:1596)
... Removed 29 stack frames]]>
    </failure>
  </testcase> <!-- getProfileWithoutToken_shouldReturn401 -->
  <testcase classname="com.auctionsabha.tests.AuthTest" name="updateSellerProfile_shouldReturn200" time="3.717"/>
  <testcase classname="com.auctionsabha.tests.AuthTest" name="updateProfileWithoutToken_shouldBeRejected" time="3.731">
    <failure type="java.lang.AssertionError" message="Profile update without token should fail
Expected: (is &amp;lt;401&amp;gt; or is &amp;lt;403&amp;gt;)
     but: was &amp;lt;200&amp;gt;">
      <![CDATA[java.lang.AssertionError: Profile update without token should fail
Expected: (is <401> or is <403>)
     but: was <200>
at org.hamcrest.MatcherAssert.assertThat(MatcherAssert.java:20)
at com.auctionsabha.tests.AuthTest.updateProfileWithoutToken_shouldBeRejected(AuthTest.java:207)
at java.base/java.util.ArrayList.forEach(ArrayList.java:1596)
... Removed 29 stack frames]]>
    </failure>
  </testcase> <!-- updateProfileWithoutToken_shouldBeRejected -->
  <testcase classname="com.auctionsabha.tests.AuthTest" name="changeBuyerPassword_thenRevert_shouldReturn200" time="9.403"/>
  <testcase classname="com.auctionsabha.tests.AuthTest" name="changePasswordWithWrongOldPassword_shouldFail" time="2.107"/>
  <testcase classname="com.auctionsabha.tests.AuthTest" name="loginAdmin_shouldReturnExpectedFields" time="1.178"/>
</testsuite> <!-- Auth Tests -->
