<?xml version="1.0" encoding="UTF-8"?>
<!-- Generated by org.testng.reporters.JUnitXMLReporter -->
<testsuite ignored="0" hostname="LTIN719094" failures="1" tests="6" name="Bid Tests" time="4.209" errors="0" timestamp="2026-05-07T13:16:52 IST">
  <testcase classname="com.auctionsabha.tests.BidTest" name="getMyBids_asBuyer_shouldReturn200" time="0.84"/>
  <testcase classname="com.auctionsabha.tests.BidTest" name="getMyBids_withoutToken_shouldBeRejected" time="0.349"/>
  <testcase classname="com.auctionsabha.tests.BidTest" name="getMyBids_asSeller_shouldReturn200Or403" time="0.848"/>
  <testcase classname="com.auctionsabha.tests.BidTest" name="getMyBids_asAdmin_shouldReturn200" time="0.891"/>
  <testcase classname="com.auctionsabha.tests.BidTest" name="getMyBids_nonExistentBuyer_shouldReturn200Or404" time="0.829"/>
  <testcase classname="com.auctionsabha.tests.BidTest" name="getMyBids_withoutBuyerIdParam_shouldReturn400OrDefault" time="0.416">
    <failure type="java.lang.AssertionError" message="My bids without buyerId should return 200 or 400
Expected: (is &amp;lt;200&amp;gt; or is &amp;lt;400&amp;gt;)
     but: was &amp;lt;403&amp;gt;">
      <![CDATA[java.lang.AssertionError: My bids without buyerId should return 200 or 400
Expected: (is <200> or is <400>)
     but: was <403>
at org.hamcrest.MatcherAssert.assertThat(MatcherAssert.java:20)
at com.auctionsabha.tests.BidTest.getMyBids_withoutBuyerIdParam_shouldReturn400OrDefault(BidTest.java:121)
at java.base/java.util.ArrayList.forEach(ArrayList.java:1596)
... Removed 29 stack frames]]>
    </failure>
  </testcase> <!-- getMyBids_withoutBuyerIdParam_shouldReturn400OrDefault -->
</testsuite> <!-- Bid Tests -->
