<?xml version="1.0" encoding="UTF-8"?>
<!-- Generated by org.testng.reporters.JUnitXMLReporter -->
<testsuite ignored="0" hostname="LTIN719094" failures="2" tests="13" name="Product Tests" time="25.915" errors="0" timestamp="2026-05-07T13:15:58 IST">
  <testcase classname="com.auctionsabha.tests.ProductTest" name="getCategories_shouldReturn200WithList" time="2.056"/>
  <testcase classname="com.auctionsabha.tests.ProductTest" name="getCategories_withoutToken_shouldBeRejected" time="0.45"/>
  <testcase classname="com.auctionsabha.tests.ProductTest" name="getAllProducts_shouldReturn200" time="2.266"/>
  <testcase classname="com.auctionsabha.tests.ProductTest" name="getProductsByCategory_shouldReturn200" time="1.811"/>
  <testcase classname="com.auctionsabha.tests.ProductTest" name="searchProductsByName_watch_shouldReturn200" time="2.061"/>
  <testcase classname="com.auctionsabha.tests.ProductTest" name="searchProductsWithEmptyName_shouldReturn200Or400" time="2.334"/>
  <testcase classname="com.auctionsabha.tests.ProductTest" name="submitProduct_asSeller_shouldReturn201" time="5.541"/>
  <testcase classname="com.auctionsabha.tests.ProductTest" name="submitProductWithoutToken_shouldBeRejected" time="0.386"/>
  <testcase classname="com.auctionsabha.tests.ProductTest" name="submitProductWithMissingFields_shouldReturn400" time="3.294"/>
  <testcase classname="com.auctionsabha.tests.ProductTest" name="getPendingProducts_asVerifier_shouldReturn200" time="0.002"/>
  <testcase classname="com.auctionsabha.tests.ProductTest" name="getPendingProducts_asBuyer_shouldBeForbidden" time="1.374">
    <failure type="java.lang.AssertionError" message="BUYER should not access pending products
Expected: (is &amp;lt;401&amp;gt; or is &amp;lt;403&amp;gt;)
     but: was &amp;lt;200&amp;gt;">
      <![CDATA[java.lang.AssertionError: BUYER should not access pending products
Expected: (is <401> or is <403>)
     but: was <200>
at org.hamcrest.MatcherAssert.assertThat(MatcherAssert.java:20)
at com.auctionsabha.tests.ProductTest.getPendingProducts_asBuyer_shouldBeForbidden(ProductTest.java:277)
at java.base/java.util.ArrayList.forEach(ArrayList.java:1596)
... Removed 29 stack frames]]>
    </failure>
  </testcase> <!-- getPendingProducts_asBuyer_shouldBeForbidden -->
  <testcase classname="com.auctionsabha.tests.ProductTest" name="reviewProduct_approve_asVerifier_shouldReturn200" time="0.006"/>
  <testcase classname="com.auctionsabha.tests.ProductTest" name="reviewProduct_asBuyer_shouldBeForbidden" time="4.258">
    <failure type="java.lang.AssertionError" message="BUYER should not review products
Expected: (is &amp;lt;401&amp;gt; or is &amp;lt;403&amp;gt;)
     but: was &amp;lt;200&amp;gt;">
      <![CDATA[java.lang.AssertionError: BUYER should not review products
Expected: (is <401> or is <403>)
     but: was <200>
at org.hamcrest.MatcherAssert.assertThat(MatcherAssert.java:20)
at com.auctionsabha.tests.ProductTest.reviewProduct_asBuyer_shouldBeForbidden(ProductTest.java:328)
at java.base/java.util.ArrayList.forEach(ArrayList.java:1596)
... Removed 29 stack frames]]>
    </failure>
  </testcase> <!-- reviewProduct_asBuyer_shouldBeForbidden -->
</testsuite> <!-- Product Tests -->
