<?xml version="1.0" encoding="UTF-8"?>
<!-- Generated by org.testng.reporters.JUnitXMLReporter -->
<testsuite ignored="0" hostname="LTIN719094" failures="3" tests="16" name="Wallet Tests" time="28.348" errors="0" timestamp="2026-05-07T13:16:48 IST">
  <testcase classname="com.auctionsabha.tests.WalletTest" name="getBuyerWallet_shouldReturn200WithBalance" time="0.771"/>
  <testcase classname="com.auctionsabha.tests.WalletTest" name="getWallet_withoutToken_shouldBeRejected" time="0.308"/>
  <testcase classname="com.auctionsabha.tests.WalletTest" name="getWallet_nonExistentUser_shouldReturn404" time="1.997"/>
  <testcase classname="com.auctionsabha.tests.WalletTest" name="depositToBuyerWallet_shouldReturn200" time="2.862"/>
  <testcase classname="com.auctionsabha.tests.WalletTest" name="depositZeroAmount_shouldReturn400" time="2.744">
    <failure type="java.lang.AssertionError" message="Zero deposit should fail
Expected: (is &amp;lt;400&amp;gt; or is &amp;lt;422&amp;gt;)
     but: was &amp;lt;200&amp;gt;">
      <![CDATA[java.lang.AssertionError: Zero deposit should fail
Expected: (is <400> or is <422>)
     but: was <200>
at org.hamcrest.MatcherAssert.assertThat(MatcherAssert.java:20)
at com.auctionsabha.tests.WalletTest.depositZeroAmount_shouldReturn400(WalletTest.java:118)
at java.base/java.util.ArrayList.forEach(ArrayList.java:1596)
... Removed 29 stack frames]]>
    </failure>
  </testcase> <!-- depositZeroAmount_shouldReturn400 -->
  <testcase classname="com.auctionsabha.tests.WalletTest" name="depositNegativeAmount_shouldReturn400" time="2.786">
    <failure type="java.lang.AssertionError" message="Negative deposit should fail
Expected: (is &amp;lt;400&amp;gt; or is &amp;lt;422&amp;gt;)
     but: was &amp;lt;200&amp;gt;">
      <![CDATA[java.lang.AssertionError: Negative deposit should fail
Expected: (is <400> or is <422>)
     but: was <200>
at org.hamcrest.MatcherAssert.assertThat(MatcherAssert.java:20)
at com.auctionsabha.tests.WalletTest.depositNegativeAmount_shouldReturn400(WalletTest.java:136)
at java.base/java.util.ArrayList.forEach(ArrayList.java:1596)
... Removed 29 stack frames]]>
    </failure>
  </testcase> <!-- depositNegativeAmount_shouldReturn400 -->
  <testcase classname="com.auctionsabha.tests.WalletTest" name="withdrawFromBuyerWallet_shouldReturn200" time="2.534"/>
  <testcase classname="com.auctionsabha.tests.WalletTest" name="withdrawInsufficientBalance_shouldReturn400" time="0.617">
    <failure type="java.lang.AssertionError" message="Withdraw with insufficient balance should fail
Expected: (is &amp;lt;400&amp;gt; or is &amp;lt;422&amp;gt;)
     but: was &amp;lt;409&amp;gt;">
      <![CDATA[java.lang.AssertionError: Withdraw with insufficient balance should fail
Expected: (is <400> or is <422>)
     but: was <409>
at org.hamcrest.MatcherAssert.assertThat(MatcherAssert.java:20)
at com.auctionsabha.tests.WalletTest.withdrawInsufficientBalance_shouldReturn400(WalletTest.java:176)
at java.base/java.util.ArrayList.forEach(ArrayList.java:1596)
... Removed 29 stack frames]]>
    </failure>
  </testcase> <!-- withdrawInsufficientBalance_shouldReturn400 -->
  <testcase classname="com.auctionsabha.tests.WalletTest" name="withdrawWithoutToken_shouldBeRejected" time="0.573"/>
  <testcase classname="com.auctionsabha.tests.WalletTest" name="holdBidAmount_shouldReturn200Or400" time="2.604"/>
  <testcase classname="com.auctionsabha.tests.WalletTest" name="holdBidInsufficientBalance_shouldReturn400" time="0.846"/>
  <testcase classname="com.auctionsabha.tests.WalletTest" name="refundBuyer_shouldReturn200Or400" time="2.647"/>
  <testcase classname="com.auctionsabha.tests.WalletTest" name="payoutSeller_shouldReturn200Or400" time="2.794"/>
  <testcase classname="com.auctionsabha.tests.WalletTest" name="getBuyerTransactions_shouldReturn200" time="1.099"/>
  <testcase classname="com.auctionsabha.tests.WalletTest" name="getTransactions_withoutToken_shouldBeRejected" time="0.365"/>
  <testcase classname="com.auctionsabha.tests.WalletTest" name="depositToSellerWallet_shouldReturn200" time="2.73"/>
</testsuite> <!-- Wallet Tests -->
